<?xml version="1.0" encoding="UTF-8"?>
<!-- Generated by org.testng.reporters.JUnitXMLReporter -->
<testsuite hostname="Hichem" ignored="6" name="Test" tests="36" failures="1" timestamp="2020-11-09T10:58:52 WAT" time="239.032" errors="0">
  <testcase name="Brightness_Test" time="2.334" classname="StandAlone.ARender_Full_Fonction"/>
  <testcase name="Navigation_Button_Test" time="2.172" classname="StandAlone.ARender_Full_Fonction"/>
  <testcase name="Fullscreen_Test" time="0.983" classname="StandAlone.ARender_Full_Fonction"/>
  <testcase name="logo_Test" time="0.371" classname="StandAlone.ARender_Full_Fonction">
    <failure type="java.lang.AssertionError" message="ERROR ACCURRED : ARENDER VERSION IS NOT TRUE expected [Version 4.1.1-rc1 - 201020_144655] but found [Version 4.1.1-rc3 - 201028_110038]">
      <![CDATA[java.lang.AssertionError: ERROR ACCURRED : ARENDER VERSION IS NOT TRUE expected [Version 4.1.1-rc1 - 201020_144655] but found [Version 4.1.1-rc3 - 201028_110038]
at StandAlone.ARender_Full_Fonction.logo_Test(ARender_Full_Fonction.java:148)
at java.util.ArrayList.forEach(Unknown Source)
... Removed 31 stack frames]]>
    </failure>
  </testcase> <!-- logo_Test -->
  <testcase name="Upload_word_File" time="6.038" classname="StandAlone.Word_File_Full_RegressionTest"/>
  <testcase name="Handle_StickyNote_On_word" time="3.857" classname="StandAlone.Word_File_Full_RegressionTest"/>
  <testcase name="Handle_FreeText_On_word" time="3.278" classname="StandAlone.Word_File_Full_RegressionTest"/>
  <testcase name="Handle_Circle___On_word" time="5.373" classname="StandAlone.Word_File_Full_RegressionTest"/>
  <testcase name="Handle_Arrow_On_word" time="23.164" classname="StandAlone.Word_File_Full_RegressionTest"/>
  <testcase name="Handle_Underline_On_word" time="5.603" classname="StandAlone.Word_File_Full_RegressionTest"/>
  <testcase name="Handle_freeHand_On_word" time="2.726" classname="StandAlone.Word_File_Full_RegressionTest"/>
  <testcase name="Handle_polyline_On_word" time="5.371" classname="StandAlone.Word_File_Full_RegressionTest"/>
  <testcase name="Handel_Polygone_On_word" time="5.351" classname="StandAlone.Word_File_Full_RegressionTest"/>
  <testcase name="Urgent_Stamp_On_word" time="3.362" classname="StandAlone.Word_File_Full_RegressionTest"/>
  <testcase name="Approved_Stamp_On_word" time="2.541" classname="StandAlone.Word_File_Full_RegressionTest"/>
  <testcase name="Draft_Stamp_On_word" time="3.38" classname="StandAlone.Word_File_Full_RegressionTest"/>
  <testcase name="Signature_Stamp_On_word" time="3.329" classname="StandAlone.Word_File_Full_RegressionTest"/>
  <testcase name="Free_Stamp_On_word" time="3.616" classname="StandAlone.Word_File_Full_RegressionTest"/>
  <testcase name="delete_Anotation_On_word" time="1.698" classname="StandAlone.Word_File_Full_RegressionTest"/>
  <testcase name="Refresh_After_Delete_Anotation_On_word" time="20.57" classname="StandAlone.Word_File_Full_RegressionTest"/>
  <testcase name="SAVE_DATA_ON_word" time="6.801" classname="StandAlone.Word_File_Full_RegressionTest"/>
  <testcase name="Refresh_After_Save_Anotation_On_word" time="0.181" classname="StandAlone.Word_File_Full_RegressionTest"/>
  <testcase name="Add_a_Signet_On_word" time="5.148" classname="StandAlone.Word_File_Full_RegressionTest"/>
  <testcase name="Delete_a_Signet_On_word" time="4.361" classname="StandAlone.Word_File_Full_RegressionTest"/>
  <testcase name="ADD_AN_ANCRE_On_word" time="21.513" classname="StandAlone.Word_File_Full_RegressionTest"/>
  <testcase name="SKIP_AN_ANCRE_On_word" time="21.324" classname="StandAlone.Word_File_Full_RegressionTest"/>
  <testcase name="ZoomIn_On_word" time="1.345" classname="StandAlone.Word_File_Full_RegressionTest"/>
  <testcase name="ZoomOut_On_word" time="0.808" classname="StandAlone.Word_File_Full_RegressionTest"/>
  <testcase name="ZoomInZone_On_word" time="0.726" classname="StandAlone.Word_File_Full_RegressionTest"/>
  <testcase name="Zoom_Adjust_On_word" time="0.807" classname="StandAlone.Word_File_Full_RegressionTest"/>
  <testcase name="Zoom_Text_Box_Control_On_word" time="2.526" classname="StandAlone.Word_File_Full_RegressionTest"/>
  <testcase name="Left_Rotation_Control_On_word" time="0.958" classname="StandAlone.Word_File_Full_RegressionTest"/>
  <testcase name="Right_Rotation_Control_On_word" time="0.625" classname="StandAlone.Word_File_Full_RegressionTest"/>
  <testcase name="Activate_Multiview_On_word" time="1.264" classname="StandAlone.Word_File_Full_RegressionTest"/>
  <testcase name="Desactivate_Multiview_On_word" time="20.296" classname="StandAlone.Word_File_Full_RegressionTest"/>
  <testcase name="Multi_Multiview_On_word" time="10.265" classname="StandAlone.Word_File_Full_RegressionTest"/>
  <testcase name="Contrast_Test" time="0.0" classname="StandAlone.ARender_Full_Fonction">
    <ignored/>
  </testcase> <!-- Contrast_Test -->
  <testcase name="@BeforeTest setExtent" time="0.0" classname="pageObject.TestBase">
    <ignored/>
  </testcase> <!-- @BeforeTest setExtent -->
  <testcase name="Check_Print_allFiles_fonctions" time="0.0" classname="StandAlone.ARender_Full_Fonction">
    <ignored/>
  </testcase> <!-- Check_Print_allFiles_fonctions -->
  <testcase name="@AfterTest endReport" time="0.0" classname="pageObject.TestBase">
    <ignored/>
  </testcase> <!-- @AfterTest endReport -->
  <testcase name="Check_Print_WithAnnotation_fonctions" time="0.0" classname="StandAlone.ARender_Full_Fonction">
    <ignored/>
  </testcase> <!-- Check_Print_WithAnnotation_fonctions -->
  <testcase name="Check_Print_WithoutAnnotation_fonctions" time="0.0" classname="StandAlone.ARender_Full_Fonction">
    <ignored/>
  </testcase> <!-- Check_Print_WithoutAnnotation_fonctions -->
</testsuite> <!-- Test -->
