<?xml version="1.0" encoding="UTF-8"?>
<!-- Generated by org.testng.reporters.JUnitXMLReporter -->
<testsuite ignored="6" hostname="RAJENGUI" failures="2" tests="36" name="Test" time="156.973" errors="0" timestamp="2020-11-05T15:15:23 WAT">
  <testcase classname="pageObject.TestBase" name="@AfterMethod reporteResu" time="0.249">
    <failure type="org.openqa.selenium.UnhandledAlertException" message="unexpected alert open: &amp;lt;unknown&amp;gt;
  (Session info: chrome=86.0.4240.183): 
Build info: version: &amp;apos;3.141.59&amp;apos;, revision: &amp;apos;e82be7d358&amp;apos;, time: &amp;apos;2018-11-14T08:17:03&amp;apos;
System info: host: &amp;apos;RAJENGUI&amp;apos;, ip: &amp;apos;192.168.93.1&amp;apos;, os.name: &amp;apos;Windows 10&amp;apos;, os.arch: &amp;apos;amd64&amp;apos;, os.version: &amp;apos;10.0&amp;apos;, java.version: &amp;apos;14.0.2&amp;apos;
Driver info: org.openqa.selenium.chrome.ChromeDriver
Capabilities {acceptInsecureCerts: false, browserName: chrome, browserVersion: 86.0.4240.183, chrome: {chromedriverVersion: 85.0.4183.87 (cd6713ebf92fa..., userDataDir: C:\Users\DELL\AppData\Local...}, goog:chromeOptions: {debuggerAddress: localhost:53690}, javascriptEnabled: true, networkConnectionEnabled: false, pageLoadStrategy: normal, platform: WINDOWS, platformName: WINDOWS, proxy: Proxy(), setWindowRect: true, strictFileInteractability: false, timeouts: {implicit: 0, pageLoad: 300000, script: 30000}, unhandledPromptBehavior: dismiss and notify, webauthn:virtualAuthenticators: true}
Session ID: 5d26786ee41dae618c1bbb550e357f78">
      <![CDATA[org.openqa.selenium.UnhandledAlertException: unexpected alert open: <unknown>
  (Session info: chrome=86.0.4240.183): 
Build info: version: '3.141.59', revision: 'e82be7d358', time: '2018-11-14T08:17:03'
System info: host: 'RAJENGUI', ip: '192.168.93.1', os.name: 'Windows 10', os.arch: 'amd64', os.version: '10.0', java.version: '14.0.2'
Driver info: org.openqa.selenium.chrome.ChromeDriver
Capabilities {acceptInsecureCerts: false, browserName: chrome, browserVersion: 86.0.4240.183, chrome: {chromedriverVersion: 85.0.4183.87 (cd6713ebf92fa..., userDataDir: C:\Users\DELL\AppData\Local...}, goog:chromeOptions: {debuggerAddress: localhost:53690}, javascriptEnabled: true, networkConnectionEnabled: false, pageLoadStrategy: normal, platform: WINDOWS, platformName: WINDOWS, proxy: Proxy(), setWindowRect: true, strictFileInteractability: false, timeouts: {implicit: 0, pageLoad: 300000, script: 30000}, unhandledPromptBehavior: dismiss and notify, webauthn:virtualAuthenticators: true}
Session ID: 5d26786ee41dae618c1bbb550e357f78
at org.openqa.selenium.remote.http.W3CHttpResponseCodec.decode(W3CHttpResponseCodec.java:120)
at org.openqa.selenium.remote.http.W3CHttpResponseCodec.decode(W3CHttpResponseCodec.java:49)
at org.openqa.selenium.remote.HttpCommandExecutor.execute(HttpCommandExecutor.java:158)
at org.openqa.selenium.remote.service.DriverCommandExecutor.execute(DriverCommandExecutor.java:83)
at org.openqa.selenium.remote.RemoteWebDriver.execute(RemoteWebDriver.java:552)
at org.openqa.selenium.remote.RemoteWebDriver.execute(RemoteWebDriver.java:609)
at org.openqa.selenium.remote.RemoteWebDriver.getScreenshotAs(RemoteWebDriver.java:295)
at org.openqa.selenium.support.events.EventFiringWebDriver.lambda$new$1(EventFiringWebDriver.java:105)
at com.sun.proxy.$Proxy14.getScreenshotAs(Unknown Source)
at org.openqa.selenium.support.events.EventFiringWebDriver.getScreenshotAs(EventFiringWebDriver.java:302)
at pageObject.MediaBase.takesScreenShots(MediaBase.java:25)
at pageObject.TestBase.reporteResu(TestBase.java:147)
at java.base/java.util.ArrayList.forEach(ArrayList.java:1511)
... Removed 34 stack frames]]>
    </failure>
  </testcase> <!-- @AfterMethod reporteResu -->
  <testcase classname="pageObject.TestBase" name="@BeforeMethod startReport" time="-1.604585723341E9">
    <skipped/>
  </testcase> <!-- @BeforeMethod startReport -->
  <testcase classname="pageObject.TestBase" name="@AfterMethod reporteResu" time="-1.604585723345E9">
    <skipped/>
  </testcase> <!-- @AfterMethod reporteResu -->
  <testcase classname="pageObject.TestBase" name="@BeforeMethod startReport" time="-1.604585723346E9">
    <skipped/>
  </testcase> <!-- @BeforeMethod startReport -->
  <testcase classname="pageObject.TestBase" name="@AfterMethod reporteResu" time="-1.60458572335E9">
    <skipped/>
  </testcase> <!-- @AfterMethod reporteResu -->
  <testcase classname="pageObject.TestBase" name="@BeforeMethod startReport" time="-1.604585723354E9">
    <skipped/>
  </testcase> <!-- @BeforeMethod startReport -->
  <testcase classname="pageObject.TestBase" name="@AfterMethod reporteResu" time="-1.604585723356E9">
    <skipped/>
  </testcase> <!-- @AfterMethod reporteResu -->
  <testcase classname="pageObject.TestBase" name="@BeforeMethod startReport" time="-1.604585723357E9">
    <skipped/>
  </testcase> <!-- @BeforeMethod startReport -->
  <testcase classname="pageObject.TestBase" name="@AfterMethod reporteResu" time="-1.604585723358E9">
    <skipped/>
  </testcase> <!-- @AfterMethod reporteResu -->
  <testcase classname="pageObject.TestBase" name="@BeforeMethod startReport" time="-1.604585723359E9">
    <skipped/>
  </testcase> <!-- @BeforeMethod startReport -->
  <testcase classname="pageObject.TestBase" name="@AfterMethod reporteResu" time="-1.60458572336E9">
    <skipped/>
  </testcase> <!-- @AfterMethod reporteResu -->
  <testcase classname="pageObject.TestBase" name="@BeforeMethod startReport" time="-1.604585723361E9">
    <skipped/>
  </testcase> <!-- @BeforeMethod startReport -->
  <testcase classname="pageObject.TestBase" name="@AfterMethod reporteResu" time="-1.604585723362E9">
    <skipped/>
  </testcase> <!-- @AfterMethod reporteResu -->
  <testcase classname="pageObject.TestBase" name="@BeforeMethod startReport" time="-1.604585723363E9">
    <skipped/>
  </testcase> <!-- @BeforeMethod startReport -->
  <testcase classname="pageObject.TestBase" name="@AfterMethod reporteResu" time="-1.604585723364E9">
    <skipped/>
  </testcase> <!-- @AfterMethod reporteResu -->
  <testcase classname="pageObject.TestBase" name="@BeforeMethod startReport" time="-1.604585723365E9">
    <skipped/>
  </testcase> <!-- @BeforeMethod startReport -->
  <testcase classname="pageObject.TestBase" name="@AfterMethod reporteResu" time="-1.604585723366E9">
    <skipped/>
  </testcase> <!-- @AfterMethod reporteResu -->
  <testcase classname="pageObject.TestBase" name="@BeforeMethod startReport" time="-1.604585723367E9">
    <skipped/>
  </testcase> <!-- @BeforeMethod startReport -->
  <testcase classname="pageObject.TestBase" name="@AfterMethod reporteResu" time="-1.604585723369E9">
    <skipped/>
  </testcase> <!-- @AfterMethod reporteResu -->
  <testcase classname="pageObject.TestBase" name="@BeforeMethod startReport" time="-1.60458572337E9">
    <skipped/>
  </testcase> <!-- @BeforeMethod startReport -->
  <testcase classname="pageObject.TestBase" name="@AfterMethod reporteResu" time="-1.604585723373E9">
    <skipped/>
  </testcase> <!-- @AfterMethod reporteResu -->
  <testcase classname="pageObject.TestBase" name="@BeforeMethod startReport" time="-1.604585723373E9">
    <skipped/>
  </testcase> <!-- @BeforeMethod startReport -->
  <testcase classname="pageObject.TestBase" name="@AfterMethod reporteResu" time="-1.604585723375E9">
    <skipped/>
  </testcase> <!-- @AfterMethod reporteResu -->
  <testcase classname="pageObject.TestBase" name="@BeforeMethod startReport" time="-1.604585723376E9">
    <skipped/>
  </testcase> <!-- @BeforeMethod startReport -->
  <testcase classname="pageObject.TestBase" name="@AfterMethod reporteResu" time="-1.604585723377E9">
    <skipped/>
  </testcase> <!-- @AfterMethod reporteResu -->
  <testcase classname="pageObject.TestBase" name="@BeforeMethod startReport" time="-1.604585723381E9">
    <skipped/>
  </testcase> <!-- @BeforeMethod startReport -->
  <testcase classname="pageObject.TestBase" name="@AfterMethod reporteResu" time="-1.604585723386E9">
    <skipped/>
  </testcase> <!-- @AfterMethod reporteResu -->
  <testcase classname="pageObject.TestBase" name="@AfterClass tearDown" time="-1.604585723387E9">
    <skipped/>
  </testcase> <!-- @AfterClass tearDown -->
  <testcase classname="StandAlone.ARender_Full_Fonction" name="Brightness_Test" time="2.119"/>
  <testcase classname="StandAlone.ARender_Full_Fonction" name="Navigation_Button_Test" time="1.317"/>
  <testcase classname="StandAlone.ARender_Full_Fonction" name="Fullscreen_Test" time="0.701"/>
  <testcase classname="StandAlone.ARender_Full_Fonction" name="logo_Test" time="0.235">
    <failure type="java.lang.AssertionError" message="ERROR ACCURRED : ARENDER VERSION IS NOT TRUE expected [Version 4.1.1-rc1 - 201020_144655] but found [Version 4.1.1-rc3 - 201028_110038]">
      <![CDATA[java.lang.AssertionError: ERROR ACCURRED : ARENDER VERSION IS NOT TRUE expected [Version 4.1.1-rc1 - 201020_144655] but found [Version 4.1.1-rc3 - 201028_110038]
at StandAlone.ARender_Full_Fonction.logo_Test(ARender_Full_Fonction.java:148)
at java.base/java.util.ArrayList.forEach(ArrayList.java:1511)
... Removed 32 stack frames]]>
    </failure>
  </testcase> <!-- logo_Test -->
  <testcase classname="StandAlone.Word_File_Full_RegressionTest" name="Upload_word_File" time="5.609"/>
  <testcase classname="StandAlone.Word_File_Full_RegressionTest" name="Handle_StickyNote_On_word" time="3.053"/>
  <testcase classname="StandAlone.Word_File_Full_RegressionTest" name="Handle_FreeText_On_word" time="2.099"/>
  <testcase classname="StandAlone.Word_File_Full_RegressionTest" name="Handle_Circle___On_word" time="4.293"/>
  <testcase classname="StandAlone.Word_File_Full_RegressionTest" name="Handle_Arrow_On_word" time="17.089"/>
  <testcase classname="StandAlone.Word_File_Full_RegressionTest" name="Handle_Underline_On_word" time="4.511"/>
  <testcase classname="StandAlone.Word_File_Full_RegressionTest" name="Handle_freeHand_On_word" time="2.135"/>
  <testcase classname="StandAlone.Word_File_Full_RegressionTest" name="Handle_polyline_On_word" time="4.115"/>
  <testcase classname="StandAlone.Word_File_Full_RegressionTest" name="Handel_Polygone_On_word" time="4.174"/>
  <testcase classname="StandAlone.Word_File_Full_RegressionTest" name="Urgent_Stamp_On_word" time="2.809"/>
  <testcase classname="StandAlone.Word_File_Full_RegressionTest" name="Approved_Stamp_On_word" time="32.308"/>
  <testcase classname="StandAlone.Word_File_Full_RegressionTest" name="Draft_Stamp_On_word" time="2.595"/>
  <testcase classname="StandAlone.Word_File_Full_RegressionTest" name="Signature_Stamp_On_word" time="2.597"/>
  <testcase classname="StandAlone.Word_File_Full_RegressionTest" name="Free_Stamp_On_word" time="2.848"/>
  <testcase classname="StandAlone.Word_File_Full_RegressionTest" name="delete_Anotation_On_word" time="37.205">
    <failure type="java.lang.AssertionError" message="ERROR ACCURRED : ANNOTATION ARE DELETED expected [true] but found [false]">
      <![CDATA[java.lang.AssertionError: ERROR ACCURRED : ANNOTATION ARE DELETED expected [true] but found [false]
at StandAlone.Word_File_Full_RegressionTest.delete_Anotation_On_word(Word_File_Full_RegressionTest.java:209)
at java.base/java.util.ArrayList.forEach(ArrayList.java:1511)
... Removed 30 stack frames]]>
    </failure>
  </testcase> <!-- delete_Anotation_On_word -->
  <testcase classname="StandAlone.Word_File_Full_RegressionTest" name="Refresh_After_Delete_Anotation_On_word" time="0.0">
    <skipped/>
  </testcase> <!-- Refresh_After_Delete_Anotation_On_word -->
  <testcase classname="StandAlone.Word_File_Full_RegressionTest" name="SAVE_DATA_ON_word" time="0.0">
    <skipped/>
  </testcase> <!-- SAVE_DATA_ON_word -->
  <testcase classname="StandAlone.Word_File_Full_RegressionTest" name="Refresh_After_Save_Anotation_On_word" time="0.0">
    <skipped/>
  </testcase> <!-- Refresh_After_Save_Anotation_On_word -->
  <testcase classname="StandAlone.Word_File_Full_RegressionTest" name="Add_a_Signet_On_word" time="0.0">
    <skipped/>
  </testcase> <!-- Add_a_Signet_On_word -->
  <testcase classname="StandAlone.Word_File_Full_RegressionTest" name="Delete_a_Signet_On_word" time="0.0">
    <skipped/>
  </testcase> <!-- Delete_a_Signet_On_word -->
  <testcase classname="StandAlone.Word_File_Full_RegressionTest" name="ADD_AN_ANCRE_On_word" time="0.0">
    <skipped/>
  </testcase> <!-- ADD_AN_ANCRE_On_word -->
  <testcase classname="StandAlone.Word_File_Full_RegressionTest" name="SKIP_AN_ANCRE_On_word" time="0.0">
    <skipped/>
  </testcase> <!-- SKIP_AN_ANCRE_On_word -->
  <testcase classname="StandAlone.Word_File_Full_RegressionTest" name="ZoomIn_On_word" time="0.0">
    <skipped/>
  </testcase> <!-- ZoomIn_On_word -->
  <testcase classname="StandAlone.Word_File_Full_RegressionTest" name="ZoomOut_On_word" time="0.0">
    <skipped/>
  </testcase> <!-- ZoomOut_On_word -->
  <testcase classname="StandAlone.Word_File_Full_RegressionTest" name="ZoomInZone_On_word" time="0.0">
    <skipped/>
  </testcase> <!-- ZoomInZone_On_word -->
  <testcase classname="StandAlone.Word_File_Full_RegressionTest" name="Zoom_Adjust_On_word" time="0.0">
    <skipped/>
  </testcase> <!-- Zoom_Adjust_On_word -->
  <testcase classname="StandAlone.Word_File_Full_RegressionTest" name="Zoom_Text_Box_Control_On_word" time="0.0">
    <skipped/>
  </testcase> <!-- Zoom_Text_Box_Control_On_word -->
  <testcase classname="StandAlone.Word_File_Full_RegressionTest" name="Left_Rotation_Control_On_word" time="0.0">
    <skipped/>
  </testcase> <!-- Left_Rotation_Control_On_word -->
  <testcase classname="StandAlone.Word_File_Full_RegressionTest" name="Right_Rotation_Control_On_word" time="0.0">
    <skipped/>
  </testcase> <!-- Right_Rotation_Control_On_word -->
  <testcase classname="StandAlone.Word_File_Full_RegressionTest" name="Activate_Multiview_On_word" time="0.0">
    <skipped/>
  </testcase> <!-- Activate_Multiview_On_word -->
  <testcase classname="StandAlone.Word_File_Full_RegressionTest" name="Desactivate_Multiview_On_word" time="0.0">
    <skipped/>
  </testcase> <!-- Desactivate_Multiview_On_word -->
  <testcase classname="StandAlone.Word_File_Full_RegressionTest" name="Multi_Multiview_On_word" time="0.0">
    <skipped/>
  </testcase> <!-- Multi_Multiview_On_word -->
  <testcase classname="StandAlone.ARender_Full_Fonction" name="Contrast_Test" time="0.0">
    <ignored/>
  </testcase> <!-- Contrast_Test -->
  <testcase classname="pageObject.TestBase" name="@BeforeTest setExtent" time="0.0">
    <ignored/>
  </testcase> <!-- @BeforeTest setExtent -->
  <testcase classname="StandAlone.ARender_Full_Fonction" name="Check_Print_allFiles_fonctions" time="0.0">
    <ignored/>
  </testcase> <!-- Check_Print_allFiles_fonctions -->
  <testcase classname="pageObject.TestBase" name="@AfterTest endReport" time="0.0">
    <ignored/>
  </testcase> <!-- @AfterTest endReport -->
  <testcase classname="StandAlone.ARender_Full_Fonction" name="Check_Print_WithAnnotation_fonctions" time="0.0">
    <ignored/>
  </testcase> <!-- Check_Print_WithAnnotation_fonctions -->
  <testcase classname="StandAlone.ARender_Full_Fonction" name="Check_Print_WithoutAnnotation_fonctions" time="0.0">
    <ignored/>
  </testcase> <!-- Check_Print_WithoutAnnotation_fonctions -->
</testsuite> <!-- Test -->
