<?xml version="1.0" encoding="UTF-8"?>
<testng-results ignored="4" total="8" passed="3" failed="1" skipped="0">
  <reporter-output>
  </reporter-output>
  <suite started-at="2020-11-05T12:34:36 WAT" name="Default suite" finished-at="2020-11-05T12:34:53 WAT" duration-ms="16958">
    <groups>
    </groups>
    <test started-at="2020-11-05T12:34:36 WAT" name="Default test" finished-at="2020-11-05T12:34:53 WAT" duration-ms="16958">
      <class name="StandAlone.ARender_Full_Fonction">
        <test-method is-config="true" signature="setExtent()[pri:0, instance:StandAlone.ARender_Full_Fonction@156b88f5]" started-at="2020-11-05T12:34:36 WAT" name="setExtent" finished-at="2020-11-05T12:34:36 WAT" duration-ms="112" status="PASS">
          <reporter-output>
          </reporter-output>
        </test-method> <!-- setExtent -->
        <test-method is-config="true" signature="initialization()[pri:0, instance:StandAlone.ARender_Full_Fonction@156b88f5]" started-at="2020-11-05T12:34:36 WAT" name="initialization" finished-at="2020-11-05T12:34:42 WAT" duration-ms="6027" status="PASS">
          <reporter-output>
          </reporter-output>
        </test-method> <!-- initialization -->
        <test-method is-config="true" signature="startReport(java.lang.reflect.Method)[pri:0, instance:StandAlone.ARender_Full_Fonction@156b88f5]" started-at="2020-11-05T12:34:42 WAT" name="startReport" finished-at="2020-11-05T12:34:42 WAT" duration-ms="2" status="PASS">
          <params>
            <param index="0">
              <value>
                <![CDATA[public void StandAlone.ARender_Full_Fonction.Brightness_Test(java.lang.reflect.Method) throws java.lang.InterruptedException,java.awt.AWTException]]>
              </value>
            </param>
          </params>
          <reporter-output>
          </reporter-output>
        </test-method> <!-- startReport -->
        <test-method signature="Brightness_Test(java.lang.reflect.Method)[pri:1, instance:StandAlone.ARender_Full_Fonction@156b88f5]" started-at="2020-11-05T12:34:42 WAT" name="Brightness_Test" finished-at="2020-11-05T12:34:44 WAT" duration-ms="2042" status="PASS">
          <params>
            <param index="0">
              <value>
                <![CDATA[public void StandAlone.ARender_Full_Fonction.Brightness_Test(java.lang.reflect.Method) throws java.lang.InterruptedException,java.awt.AWTException]]>
              </value>
            </param>
          </params>
          <reporter-output>
          </reporter-output>
        </test-method> <!-- Brightness_Test -->
        <test-method is-config="true" signature="reporteResu(org.testng.ITestResult)[pri:0, instance:StandAlone.ARender_Full_Fonction@156b88f5]" started-at="2020-11-05T12:34:44 WAT" name="reporteResu" finished-at="2020-11-05T12:34:45 WAT" duration-ms="360" status="PASS">
          <params>
            <param index="0">
              <value>
                <![CDATA[[TestResult name=Brightness_Test status=SUCCESS method=ARender_Full_Fonction.Brightness_Test(java.lang.reflect.Method)[pri:1, instance:StandAlone.ARender_Full_Fonction@156b88f5] output={null}]]]>
              </value>
            </param>
          </params>
          <reporter-output>
          </reporter-output>
        </test-method> <!-- reporteResu -->
        <test-method is-config="true" signature="startReport(java.lang.reflect.Method)[pri:0, instance:StandAlone.ARender_Full_Fonction@156b88f5]" started-at="2020-11-05T12:34:45 WAT" name="startReport" finished-at="2020-11-05T12:34:45 WAT" duration-ms="1" status="PASS">
          <params>
            <param index="0">
              <value>
                <![CDATA[public void StandAlone.ARender_Full_Fonction.Navigation_Button_Test(java.lang.reflect.Method) throws java.lang.InterruptedException]]>
              </value>
            </param>
          </params>
          <reporter-output>
          </reporter-output>
        </test-method> <!-- startReport -->
        <test-method signature="Navigation_Button_Test(java.lang.reflect.Method)[pri:2, instance:StandAlone.ARender_Full_Fonction@156b88f5]" started-at="2020-11-05T12:34:45 WAT" name="Navigation_Button_Test" finished-at="2020-11-05T12:34:46 WAT" duration-ms="1267" status="PASS">
          <params>
            <param index="0">
              <value>
                <![CDATA[public void StandAlone.ARender_Full_Fonction.Navigation_Button_Test(java.lang.reflect.Method) throws java.lang.InterruptedException]]>
              </value>
            </param>
          </params>
          <reporter-output>
          </reporter-output>
        </test-method> <!-- Navigation_Button_Test -->
        <test-method is-config="true" signature="reporteResu(org.testng.ITestResult)[pri:0, instance:StandAlone.ARender_Full_Fonction@156b88f5]" started-at="2020-11-05T12:34:46 WAT" name="reporteResu" finished-at="2020-11-05T12:34:46 WAT" duration-ms="360" status="PASS">
          <params>
            <param index="0">
              <value>
                <![CDATA[[TestResult name=Navigation_Button_Test status=SUCCESS method=ARender_Full_Fonction.Navigation_Button_Test(java.lang.reflect.Method)[pri:2, instance:StandAlone.ARender_Full_Fonction@156b88f5] output={null}]]]>
              </value>
            </param>
          </params>
          <reporter-output>
          </reporter-output>
        </test-method> <!-- reporteResu -->
        <test-method is-config="true" signature="startReport(java.lang.reflect.Method)[pri:0, instance:StandAlone.ARender_Full_Fonction@156b88f5]" started-at="2020-11-05T12:34:46 WAT" name="startReport" finished-at="2020-11-05T12:34:46 WAT" duration-ms="0" status="PASS">
          <params>
            <param index="0">
              <value>
                <![CDATA[public void StandAlone.ARender_Full_Fonction.Fullscreen_Test(java.lang.reflect.Method) throws java.lang.InterruptedException]]>
              </value>
            </param>
          </params>
          <reporter-output>
          </reporter-output>
        </test-method> <!-- startReport -->
        <test-method signature="Fullscreen_Test(java.lang.reflect.Method)[pri:6, instance:StandAlone.ARender_Full_Fonction@156b88f5]" started-at="2020-11-05T12:34:46 WAT" name="Fullscreen_Test" finished-at="2020-11-05T12:34:47 WAT" duration-ms="636" status="PASS">
          <params>
            <param index="0">
              <value>
                <![CDATA[public void StandAlone.ARender_Full_Fonction.Fullscreen_Test(java.lang.reflect.Method) throws java.lang.InterruptedException]]>
              </value>
            </param>
          </params>
          <reporter-output>
          </reporter-output>
        </test-method> <!-- Fullscreen_Test -->
        <test-method is-config="true" signature="reporteResu(org.testng.ITestResult)[pri:0, instance:StandAlone.ARender_Full_Fonction@156b88f5]" started-at="2020-11-05T12:34:47 WAT" name="reporteResu" finished-at="2020-11-05T12:34:47 WAT" duration-ms="443" status="PASS">
          <params>
            <param index="0">
              <value>
                <![CDATA[[TestResult name=Fullscreen_Test status=SUCCESS method=ARender_Full_Fonction.Fullscreen_Test(java.lang.reflect.Method)[pri:6, instance:StandAlone.ARender_Full_Fonction@156b88f5] output={null}]]]>
              </value>
            </param>
          </params>
          <reporter-output>
          </reporter-output>
        </test-method> <!-- reporteResu -->
        <test-method is-config="true" signature="startReport(java.lang.reflect.Method)[pri:0, instance:StandAlone.ARender_Full_Fonction@156b88f5]" started-at="2020-11-05T12:34:47 WAT" name="startReport" finished-at="2020-11-05T12:34:47 WAT" duration-ms="0" status="PASS">
          <params>
            <param index="0">
              <value>
                <![CDATA[public void StandAlone.ARender_Full_Fonction.logo_Test(java.lang.reflect.Method) throws java.lang.InterruptedException]]>
              </value>
            </param>
          </params>
          <reporter-output>
          </reporter-output>
        </test-method> <!-- startReport -->
        <test-method signature="logo_Test(java.lang.reflect.Method)[pri:8, instance:StandAlone.ARender_Full_Fonction@156b88f5]" started-at="2020-11-05T12:34:47 WAT" name="logo_Test" finished-at="2020-11-05T12:34:47 WAT" duration-ms="221" status="FAIL">
          <params>
            <param index="0">
              <value>
                <![CDATA[public void StandAlone.ARender_Full_Fonction.logo_Test(java.lang.reflect.Method) throws java.lang.InterruptedException]]>
              </value>
            </param>
          </params>
          <exception class="java.lang.AssertionError">
            <message>
              <![CDATA[ERROR ACCURRED : ARENDER VERSION IS NOT TRUE expected [Version 4.1.1-rc1 - 201020_144655] but found [Version 4.1.1-rc3 - 201028_110038]]]>
            </message>
            <full-stacktrace>
              <![CDATA[java.lang.AssertionError: ERROR ACCURRED : ARENDER VERSION IS NOT TRUE expected [Version 4.1.1-rc1 - 201020_144655] but found [Version 4.1.1-rc3 - 201028_110038]
at org.testng.Assert.fail(Assert.java:99)
at org.testng.Assert.failNotEquals(Assert.java:1037)
at org.testng.Assert.assertEqualsImpl(Assert.java:140)
at org.testng.Assert.assertEquals(Assert.java:122)
at org.testng.Assert.assertEquals(Assert.java:629)
at StandAlone.ARender_Full_Fonction.logo_Test(ARender_Full_Fonction.java:148)
at java.base/jdk.internal.reflect.NativeMethodAccessorImpl.invoke0(Native Method)
at java.base/jdk.internal.reflect.NativeMethodAccessorImpl.invoke(NativeMethodAccessorImpl.java:62)
at java.base/jdk.internal.reflect.DelegatingMethodAccessorImpl.invoke(DelegatingMethodAccessorImpl.java:43)
at java.base/java.lang.reflect.Method.invoke(Method.java:564)
at org.testng.internal.MethodInvocationHelper.invokeMethod(MethodInvocationHelper.java:132)
at org.testng.internal.TestInvoker.invokeMethod(TestInvoker.java:599)
at org.testng.internal.TestInvoker.invokeTestMethod(TestInvoker.java:174)
at org.testng.internal.MethodRunner.runInSequence(MethodRunner.java:46)
at org.testng.internal.TestInvoker$MethodInvocationAgent.invoke(TestInvoker.java:822)
at org.testng.internal.TestInvoker.invokeTestMethods(TestInvoker.java:147)
at org.testng.internal.TestMethodWorker.invokeTestMethods(TestMethodWorker.java:146)
at org.testng.internal.TestMethodWorker.run(TestMethodWorker.java:128)
at java.base/java.util.ArrayList.forEach(ArrayList.java:1511)
at org.testng.TestRunner.privateRun(TestRunner.java:764)
at org.testng.TestRunner.run(TestRunner.java:585)
at org.testng.SuiteRunner.runTest(SuiteRunner.java:384)
at org.testng.SuiteRunner.runSequentially(SuiteRunner.java:378)
at org.testng.SuiteRunner.privateRun(SuiteRunner.java:337)
at org.testng.SuiteRunner.run(SuiteRunner.java:286)
at org.testng.SuiteRunnerWorker.runSuite(SuiteRunnerWorker.java:53)
at org.testng.SuiteRunnerWorker.run(SuiteRunnerWorker.java:96)
at org.testng.TestNG.runSuitesSequentially(TestNG.java:1218)
at org.testng.TestNG.runSuitesLocally(TestNG.java:1140)
at org.testng.TestNG.runSuites(TestNG.java:1069)
at org.testng.TestNG.run(TestNG.java:1037)
at org.testng.remote.AbstractRemoteTestNG.run(AbstractRemoteTestNG.java:115)
at org.testng.remote.RemoteTestNG.initAndRun(RemoteTestNG.java:251)
at org.testng.remote.RemoteTestNG.main(RemoteTestNG.java:77)
]]>
            </full-stacktrace>
          </exception> <!-- java.lang.AssertionError -->
          <reporter-output>
          </reporter-output>
        </test-method> <!-- logo_Test -->
        <test-method is-config="true" signature="reporteResu(org.testng.ITestResult)[pri:0, instance:StandAlone.ARender_Full_Fonction@156b88f5]" started-at="2020-11-05T12:34:47 WAT" name="reporteResu" finished-at="2020-11-05T12:34:48 WAT" duration-ms="409" status="PASS">
          <params>
            <param index="0">
              <value>
                <![CDATA[[TestResult name=logo_Test status=FAILURE method=ARender_Full_Fonction.logo_Test(java.lang.reflect.Method)[pri:8, instance:StandAlone.ARender_Full_Fonction@156b88f5] output={null}]]]>
              </value>
            </param>
          </params>
          <reporter-output>
          </reporter-output>
        </test-method> <!-- reporteResu -->
        <test-method is-config="true" signature="tearDown()[pri:0, instance:StandAlone.ARender_Full_Fonction@156b88f5]" started-at="2020-11-05T12:34:48 WAT" name="tearDown" finished-at="2020-11-05T12:34:53 WAT" duration-ms="4857" status="PASS">
          <reporter-output>
          </reporter-output>
        </test-method> <!-- tearDown -->
        <test-method is-config="true" signature="endReport()[pri:0, instance:StandAlone.ARender_Full_Fonction@156b88f5]" started-at="2020-11-05T12:34:53 WAT" name="endReport" finished-at="2020-11-05T12:34:53 WAT" duration-ms="190" status="PASS">
          <reporter-output>
          </reporter-output>
        </test-method> <!-- endReport -->
      </class> <!-- StandAlone.ARender_Full_Fonction -->
    </test> <!-- Default test -->
  </suite> <!-- Default suite -->
</testng-results>
