<?xml version="1.0" encoding="UTF-8"?>
<testng-results skipped="0" failed="1" ignored="6" total="42" passed="35">
  <reporter-output>
  </reporter-output>
  <suite name="Suite" duration-ms="239032" started-at="2020-11-09T10:54:53 WAT" finished-at="2020-11-09T10:58:52 WAT">
    <groups>
    </groups>
    <test name="Test" duration-ms="239032" started-at="2020-11-09T10:54:53 WAT" finished-at="2020-11-09T10:58:52 WAT">
      <class name="StandAlone.ARender_Full_Fonction">
        <test-method status="PASS" signature="setExtent()[pri:0, instance:StandAlone.ARender_Full_Fonction@4eb7f003]" name="setExtent" is-config="true" duration-ms="85" started-at="2020-11-09T10:54:53 WAT" finished-at="2020-11-09T10:54:53 WAT">
          <reporter-output>
          </reporter-output>
        </test-method> <!-- setExtent -->
        <test-method status="PASS" signature="initialization()[pri:0, instance:StandAlone.ARender_Full_Fonction@4eb7f003]" name="initialization" is-config="true" duration-ms="6696" started-at="2020-11-09T10:54:53 WAT" finished-at="2020-11-09T10:55:00 WAT">
          <reporter-output>
          </reporter-output>
        </test-method> <!-- initialization -->
        <test-method status="PASS" signature="startReport(java.lang.reflect.Method)[pri:0, instance:StandAlone.ARender_Full_Fonction@4eb7f003]" name="startReport" is-config="true" duration-ms="2" started-at="2020-11-09T10:55:00 WAT" finished-at="2020-11-09T10:55:00 WAT">
          <params>
            <param index="0">
              <value>
                <![CDATA[public void StandAlone.ARender_Full_Fonction.Brightness_Test(java.lang.reflect.Method) throws java.lang.InterruptedException,java.awt.AWTException]]>
              </value>
            </param>
          </params>
          <reporter-output>
          </reporter-output>
        </test-method> <!-- startReport -->
        <test-method status="PASS" signature="Brightness_Test(java.lang.reflect.Method)[pri:1, instance:StandAlone.ARender_Full_Fonction@4eb7f003]" name="Brightness_Test" duration-ms="2334" started-at="2020-11-09T10:55:00 WAT" finished-at="2020-11-09T10:55:02 WAT">
          <params>
            <param index="0">
              <value>
                <![CDATA[public void StandAlone.ARender_Full_Fonction.Brightness_Test(java.lang.reflect.Method) throws java.lang.InterruptedException,java.awt.AWTException]]>
              </value>
            </param>
          </params>
          <reporter-output>
          </reporter-output>
        </test-method> <!-- Brightness_Test -->
        <test-method status="PASS" signature="reporteResu(org.testng.ITestResult)[pri:0, instance:StandAlone.ARender_Full_Fonction@4eb7f003]" name="reporteResu" is-config="true" duration-ms="333" started-at="2020-11-09T10:55:02 WAT" finished-at="2020-11-09T10:55:03 WAT">
          <params>
            <param index="0">
              <value>
                <![CDATA[[TestResult name=Brightness_Test status=SUCCESS method=ARender_Full_Fonction.Brightness_Test(java.lang.reflect.Method)[pri:1, instance:StandAlone.ARender_Full_Fonction@4eb7f003] output={null}]]]>
              </value>
            </param>
          </params>
          <reporter-output>
          </reporter-output>
        </test-method> <!-- reporteResu -->
        <test-method status="PASS" signature="Navigation_Button_Test(java.lang.reflect.Method)[pri:2, instance:StandAlone.ARender_Full_Fonction@4eb7f003]" name="Navigation_Button_Test" duration-ms="2172" started-at="2020-11-09T10:55:03 WAT" finished-at="2020-11-09T10:55:05 WAT">
          <params>
            <param index="0">
              <value>
                <![CDATA[public void StandAlone.ARender_Full_Fonction.Navigation_Button_Test(java.lang.reflect.Method) throws java.lang.InterruptedException]]>
              </value>
            </param>
          </params>
          <reporter-output>
          </reporter-output>
        </test-method> <!-- Navigation_Button_Test -->
        <test-method status="PASS" signature="startReport(java.lang.reflect.Method)[pri:0, instance:StandAlone.ARender_Full_Fonction@4eb7f003]" name="startReport" is-config="true" duration-ms="0" started-at="2020-11-09T10:55:03 WAT" finished-at="2020-11-09T10:55:03 WAT">
          <params>
            <param index="0">
              <value>
                <![CDATA[public void StandAlone.ARender_Full_Fonction.Navigation_Button_Test(java.lang.reflect.Method) throws java.lang.InterruptedException]]>
              </value>
            </param>
          </params>
          <reporter-output>
          </reporter-output>
        </test-method> <!-- startReport -->
        <test-method status="PASS" signature="reporteResu(org.testng.ITestResult)[pri:0, instance:StandAlone.ARender_Full_Fonction@4eb7f003]" name="reporteResu" is-config="true" duration-ms="286" started-at="2020-11-09T10:55:05 WAT" finished-at="2020-11-09T10:55:05 WAT">
          <params>
            <param index="0">
              <value>
                <![CDATA[[TestResult name=Navigation_Button_Test status=SUCCESS method=ARender_Full_Fonction.Navigation_Button_Test(java.lang.reflect.Method)[pri:2, instance:StandAlone.ARender_Full_Fonction@4eb7f003] output={null}]]]>
              </value>
            </param>
          </params>
          <reporter-output>
          </reporter-output>
        </test-method> <!-- reporteResu -->
        <test-method status="PASS" signature="startReport(java.lang.reflect.Method)[pri:0, instance:StandAlone.ARender_Full_Fonction@4eb7f003]" name="startReport" is-config="true" duration-ms="0" started-at="2020-11-09T10:55:05 WAT" finished-at="2020-11-09T10:55:05 WAT">
          <params>
            <param index="0">
              <value>
                <![CDATA[public void StandAlone.ARender_Full_Fonction.Fullscreen_Test(java.lang.reflect.Method) throws java.lang.InterruptedException]]>
              </value>
            </param>
          </params>
          <reporter-output>
          </reporter-output>
        </test-method> <!-- startReport -->
        <test-method status="PASS" signature="Fullscreen_Test(java.lang.reflect.Method)[pri:6, instance:StandAlone.ARender_Full_Fonction@4eb7f003]" name="Fullscreen_Test" duration-ms="983" started-at="2020-11-09T10:55:05 WAT" finished-at="2020-11-09T10:55:06 WAT">
          <params>
            <param index="0">
              <value>
                <![CDATA[public void StandAlone.ARender_Full_Fonction.Fullscreen_Test(java.lang.reflect.Method) throws java.lang.InterruptedException]]>
              </value>
            </param>
          </params>
          <reporter-output>
          </reporter-output>
        </test-method> <!-- Fullscreen_Test -->
        <test-method status="PASS" signature="reporteResu(org.testng.ITestResult)[pri:0, instance:StandAlone.ARender_Full_Fonction@4eb7f003]" name="reporteResu" is-config="true" duration-ms="285" started-at="2020-11-09T10:55:06 WAT" finished-at="2020-11-09T10:55:06 WAT">
          <params>
            <param index="0">
              <value>
                <![CDATA[[TestResult name=Fullscreen_Test status=SUCCESS method=ARender_Full_Fonction.Fullscreen_Test(java.lang.reflect.Method)[pri:6, instance:StandAlone.ARender_Full_Fonction@4eb7f003] output={null}]]]>
              </value>
            </param>
          </params>
          <reporter-output>
          </reporter-output>
        </test-method> <!-- reporteResu -->
        <test-method status="PASS" signature="startReport(java.lang.reflect.Method)[pri:0, instance:StandAlone.ARender_Full_Fonction@4eb7f003]" name="startReport" is-config="true" duration-ms="0" started-at="2020-11-09T10:55:06 WAT" finished-at="2020-11-09T10:55:06 WAT">
          <params>
            <param index="0">
              <value>
                <![CDATA[public void StandAlone.ARender_Full_Fonction.logo_Test(java.lang.reflect.Method) throws java.lang.InterruptedException]]>
              </value>
            </param>
          </params>
          <reporter-output>
          </reporter-output>
        </test-method> <!-- startReport -->
        <test-method status="FAIL" signature="logo_Test(java.lang.reflect.Method)[pri:8, instance:StandAlone.ARender_Full_Fonction@4eb7f003]" name="logo_Test" duration-ms="371" started-at="2020-11-09T10:55:06 WAT" finished-at="2020-11-09T10:55:07 WAT">
          <params>
            <param index="0">
              <value>
                <![CDATA[public void StandAlone.ARender_Full_Fonction.logo_Test(java.lang.reflect.Method) throws java.lang.InterruptedException]]>
              </value>
            </param>
          </params>
          <exception class="java.lang.AssertionError">
            <message>
              <![CDATA[ERROR ACCURRED : ARENDER VERSION IS NOT TRUE expected [Version 4.1.1-rc1 - 201020_144655] but found [Version 4.1.1-rc3 - 201028_110038]]]>
            </message>
            <full-stacktrace>
              <![CDATA[java.lang.AssertionError: ERROR ACCURRED : ARENDER VERSION IS NOT TRUE expected [Version 4.1.1-rc1 - 201020_144655] but found [Version 4.1.1-rc3 - 201028_110038]
at org.testng.Assert.fail(Assert.java:97)
at org.testng.Assert.assertEqualsImpl(Assert.java:136)
at org.testng.Assert.assertEquals(Assert.java:118)
at org.testng.Assert.assertEquals(Assert.java:575)
at StandAlone.ARender_Full_Fonction.logo_Test(ARender_Full_Fonction.java:148)
at sun.reflect.NativeMethodAccessorImpl.invoke0(Native Method)
at sun.reflect.NativeMethodAccessorImpl.invoke(Unknown Source)
at sun.reflect.DelegatingMethodAccessorImpl.invoke(Unknown Source)
at java.lang.reflect.Method.invoke(Unknown Source)
at org.testng.internal.MethodInvocationHelper.invokeMethod(MethodInvocationHelper.java:135)
at org.testng.internal.TestInvoker.invokeMethod(TestInvoker.java:598)
at org.testng.internal.TestInvoker.invokeTestMethod(TestInvoker.java:174)
at org.testng.internal.MethodRunner.runInSequence(MethodRunner.java:46)
at org.testng.internal.TestInvoker$MethodInvocationAgent.invoke(TestInvoker.java:821)
at org.testng.internal.TestInvoker.invokeTestMethods(TestInvoker.java:147)
at org.testng.internal.TestMethodWorker.invokeTestMethods(TestMethodWorker.java:146)
at org.testng.internal.TestMethodWorker.run(TestMethodWorker.java:128)
at java.util.ArrayList.forEach(Unknown Source)
at org.testng.TestRunner.privateRun(TestRunner.java:767)
at org.testng.TestRunner.run(TestRunner.java:588)
at org.testng.SuiteRunner.runTest(SuiteRunner.java:384)
at org.testng.SuiteRunner.runSequentially(SuiteRunner.java:378)
at org.testng.SuiteRunner.privateRun(SuiteRunner.java:337)
at org.testng.SuiteRunner.run(SuiteRunner.java:286)
at org.testng.SuiteRunnerWorker.runSuite(SuiteRunnerWorker.java:53)
at org.testng.SuiteRunnerWorker.run(SuiteRunnerWorker.java:96)
at org.testng.TestNG.runSuitesSequentially(TestNG.java:1214)
at org.testng.TestNG.runSuitesLocally(TestNG.java:1136)
at org.testng.TestNG.runSuites(TestNG.java:1066)
at org.testng.TestNG.run(TestNG.java:1034)
at org.testng.remote.AbstractRemoteTestNG.run(AbstractRemoteTestNG.java:115)
at org.testng.remote.RemoteTestNG.initAndRun(RemoteTestNG.java:251)
at org.testng.remote.RemoteTestNG.main(RemoteTestNG.java:77)
]]>
            </full-stacktrace>
          </exception> <!-- java.lang.AssertionError -->
          <reporter-output>
          </reporter-output>
        </test-method> <!-- logo_Test -->
        <test-method status="PASS" signature="reporteResu(org.testng.ITestResult)[pri:0, instance:StandAlone.ARender_Full_Fonction@4eb7f003]" name="reporteResu" is-config="true" duration-ms="324" started-at="2020-11-09T10:55:07 WAT" finished-at="2020-11-09T10:55:07 WAT">
          <params>
            <param index="0">
              <value>
                <![CDATA[[TestResult name=logo_Test status=FAILURE method=ARender_Full_Fonction.logo_Test(java.lang.reflect.Method)[pri:8, instance:StandAlone.ARender_Full_Fonction@4eb7f003] output={null}]]]>
              </value>
            </param>
          </params>
          <reporter-output>
          </reporter-output>
        </test-method> <!-- reporteResu -->
        <test-method status="PASS" signature="tearDown()[pri:0, instance:StandAlone.ARender_Full_Fonction@4eb7f003]" name="tearDown" is-config="true" duration-ms="4950" started-at="2020-11-09T10:55:07 WAT" finished-at="2020-11-09T10:55:12 WAT">
          <reporter-output>
          </reporter-output>
        </test-method> <!-- tearDown -->
        <test-method status="PASS" signature="endReport()[pri:0, instance:StandAlone.ARender_Full_Fonction@4eb7f003]" name="endReport" is-config="true" duration-ms="267" started-at="2020-11-09T10:58:52 WAT" finished-at="2020-11-09T10:58:52 WAT">
          <reporter-output>
          </reporter-output>
        </test-method> <!-- endReport -->
      </class> <!-- StandAlone.ARender_Full_Fonction -->
      <class name="StandAlone.Word_File_Full_RegressionTest">
        <test-method status="PASS" signature="initialization()[pri:0, instance:StandAlone.Word_File_Full_RegressionTest@eafc191]" name="initialization" is-config="true" duration-ms="5856" started-at="2020-11-09T10:55:12 WAT" finished-at="2020-11-09T10:55:18 WAT">
          <reporter-output>
          </reporter-output>
        </test-method> <!-- initialization -->
        <test-method status="PASS" signature="Upload_word_File(java.lang.reflect.Method)[pri:1, instance:StandAlone.Word_File_Full_RegressionTest@eafc191]" name="Upload_word_File" duration-ms="6038" started-at="2020-11-09T10:55:18 WAT" finished-at="2020-11-09T10:55:24 WAT">
          <params>
            <param index="0">
              <value>
                <![CDATA[public void StandAlone.Word_File_Full_RegressionTest.Upload_word_File(java.lang.reflect.Method) throws java.lang.InterruptedException,java.io.IOException]]>
              </value>
            </param>
          </params>
          <reporter-output>
          </reporter-output>
        </test-method> <!-- Upload_word_File -->
        <test-method status="PASS" signature="startReport(java.lang.reflect.Method)[pri:0, instance:StandAlone.Word_File_Full_RegressionTest@eafc191]" name="startReport" is-config="true" duration-ms="0" started-at="2020-11-09T10:55:18 WAT" finished-at="2020-11-09T10:55:18 WAT">
          <params>
            <param index="0">
              <value>
                <![CDATA[public void StandAlone.Word_File_Full_RegressionTest.Upload_word_File(java.lang.reflect.Method) throws java.lang.InterruptedException,java.io.IOException]]>
              </value>
            </param>
          </params>
          <reporter-output>
          </reporter-output>
        </test-method> <!-- startReport -->
        <test-method status="PASS" signature="reporteResu(org.testng.ITestResult)[pri:0, instance:StandAlone.Word_File_Full_RegressionTest@eafc191]" name="reporteResu" is-config="true" duration-ms="316" started-at="2020-11-09T10:55:24 WAT" finished-at="2020-11-09T10:55:24 WAT">
          <params>
            <param index="0">
              <value>
                <![CDATA[[TestResult name=Upload_word_File status=SUCCESS method=Word_File_Full_RegressionTest.Upload_word_File(java.lang.reflect.Method)[pri:1, instance:StandAlone.Word_File_Full_RegressionTest@eafc191] output={null}]]]>
              </value>
            </param>
          </params>
          <reporter-output>
          </reporter-output>
        </test-method> <!-- reporteResu -->
        <test-method status="PASS" signature="startReport(java.lang.reflect.Method)[pri:0, instance:StandAlone.Word_File_Full_RegressionTest@eafc191]" name="startReport" is-config="true" duration-ms="0" started-at="2020-11-09T10:55:24 WAT" finished-at="2020-11-09T10:55:24 WAT">
          <params>
            <param index="0">
              <value>
                <![CDATA[public void StandAlone.Word_File_Full_RegressionTest.Handle_StickyNote_On_word(java.lang.reflect.Method) throws java.lang.InterruptedException]]>
              </value>
            </param>
          </params>
          <reporter-output>
          </reporter-output>
        </test-method> <!-- startReport -->
        <test-method status="PASS" signature="Handle_StickyNote_On_word(java.lang.reflect.Method)[pri:2, instance:StandAlone.Word_File_Full_RegressionTest@eafc191]" name="Handle_StickyNote_On_word" duration-ms="3857" started-at="2020-11-09T10:55:24 WAT" depends-on-methods="StandAlone.Word_File_Full_RegressionTest.Upload_word_File" finished-at="2020-11-09T10:55:28 WAT">
          <params>
            <param index="0">
              <value>
                <![CDATA[public void StandAlone.Word_File_Full_RegressionTest.Handle_StickyNote_On_word(java.lang.reflect.Method) throws java.lang.InterruptedException]]>
              </value>
            </param>
          </params>
          <reporter-output>
          </reporter-output>
        </test-method> <!-- Handle_StickyNote_On_word -->
        <test-method status="PASS" signature="reporteResu(org.testng.ITestResult)[pri:0, instance:StandAlone.Word_File_Full_RegressionTest@eafc191]" name="reporteResu" is-config="true" duration-ms="327" started-at="2020-11-09T10:55:28 WAT" finished-at="2020-11-09T10:55:28 WAT">
          <params>
            <param index="0">
              <value>
                <![CDATA[[TestResult name=Handle_StickyNote_On_word status=SUCCESS method=Word_File_Full_RegressionTest.Handle_StickyNote_On_word(java.lang.reflect.Method)[pri:2, instance:StandAlone.Word_File_Full_RegressionTest@eafc191] output={null}]]]>
              </value>
            </param>
          </params>
          <reporter-output>
          </reporter-output>
        </test-method> <!-- reporteResu -->
        <test-method status="PASS" signature="Handle_FreeText_On_word(java.lang.reflect.Method)[pri:3, instance:StandAlone.Word_File_Full_RegressionTest@eafc191]" name="Handle_FreeText_On_word" duration-ms="3278" started-at="2020-11-09T10:55:28 WAT" depends-on-methods="StandAlone.Word_File_Full_RegressionTest.Upload_word_File" finished-at="2020-11-09T10:55:32 WAT">
          <params>
            <param index="0">
              <value>
                <![CDATA[public void StandAlone.Word_File_Full_RegressionTest.Handle_FreeText_On_word(java.lang.reflect.Method) throws java.lang.InterruptedException]]>
              </value>
            </param>
          </params>
          <reporter-output>
          </reporter-output>
        </test-method> <!-- Handle_FreeText_On_word -->
        <test-method status="PASS" signature="startReport(java.lang.reflect.Method)[pri:0, instance:StandAlone.Word_File_Full_RegressionTest@eafc191]" name="startReport" is-config="true" duration-ms="0" started-at="2020-11-09T10:55:28 WAT" finished-at="2020-11-09T10:55:28 WAT">
          <params>
            <param index="0">
              <value>
                <![CDATA[public void StandAlone.Word_File_Full_RegressionTest.Handle_FreeText_On_word(java.lang.reflect.Method) throws java.lang.InterruptedException]]>
              </value>
            </param>
          </params>
          <reporter-output>
          </reporter-output>
        </test-method> <!-- startReport -->
        <test-method status="PASS" signature="reporteResu(org.testng.ITestResult)[pri:0, instance:StandAlone.Word_File_Full_RegressionTest@eafc191]" name="reporteResu" is-config="true" duration-ms="302" started-at="2020-11-09T10:55:32 WAT" finished-at="2020-11-09T10:55:32 WAT">
          <params>
            <param index="0">
              <value>
                <![CDATA[[TestResult name=Handle_FreeText_On_word status=SUCCESS method=Word_File_Full_RegressionTest.Handle_FreeText_On_word(java.lang.reflect.Method)[pri:3, instance:StandAlone.Word_File_Full_RegressionTest@eafc191] output={null}]]]>
              </value>
            </param>
          </params>
          <reporter-output>
          </reporter-output>
        </test-method> <!-- reporteResu -->
        <test-method status="PASS" signature="startReport(java.lang.reflect.Method)[pri:0, instance:StandAlone.Word_File_Full_RegressionTest@eafc191]" name="startReport" is-config="true" duration-ms="0" started-at="2020-11-09T10:55:32 WAT" finished-at="2020-11-09T10:55:32 WAT">
          <params>
            <param index="0">
              <value>
                <![CDATA[public void StandAlone.Word_File_Full_RegressionTest.Handle_Circle___On_word(java.lang.reflect.Method) throws java.lang.InterruptedException]]>
              </value>
            </param>
          </params>
          <reporter-output>
          </reporter-output>
        </test-method> <!-- startReport -->
        <test-method status="PASS" signature="Handle_Circle___On_word(java.lang.reflect.Method)[pri:4, instance:StandAlone.Word_File_Full_RegressionTest@eafc191]" name="Handle_Circle___On_word" duration-ms="5373" started-at="2020-11-09T10:55:32 WAT" depends-on-methods="StandAlone.Word_File_Full_RegressionTest.Upload_word_File" finished-at="2020-11-09T10:55:37 WAT">
          <params>
            <param index="0">
              <value>
                <![CDATA[public void StandAlone.Word_File_Full_RegressionTest.Handle_Circle___On_word(java.lang.reflect.Method) throws java.lang.InterruptedException]]>
              </value>
            </param>
          </params>
          <reporter-output>
          </reporter-output>
        </test-method> <!-- Handle_Circle___On_word -->
        <test-method status="PASS" signature="reporteResu(org.testng.ITestResult)[pri:0, instance:StandAlone.Word_File_Full_RegressionTest@eafc191]" name="reporteResu" is-config="true" duration-ms="335" started-at="2020-11-09T10:55:37 WAT" finished-at="2020-11-09T10:55:38 WAT">
          <params>
            <param index="0">
              <value>
                <![CDATA[[TestResult name=Handle_Circle___On_word status=SUCCESS method=Word_File_Full_RegressionTest.Handle_Circle___On_word(java.lang.reflect.Method)[pri:4, instance:StandAlone.Word_File_Full_RegressionTest@eafc191] output={null}]]]>
              </value>
            </param>
          </params>
          <reporter-output>
          </reporter-output>
        </test-method> <!-- reporteResu -->
        <test-method status="PASS" signature="startReport(java.lang.reflect.Method)[pri:0, instance:StandAlone.Word_File_Full_RegressionTest@eafc191]" name="startReport" is-config="true" duration-ms="1" started-at="2020-11-09T10:55:38 WAT" finished-at="2020-11-09T10:55:38 WAT">
          <params>
            <param index="0">
              <value>
                <![CDATA[public void StandAlone.Word_File_Full_RegressionTest.Handle_Arrow_On_word(java.lang.reflect.Method) throws java.lang.InterruptedException]]>
              </value>
            </param>
          </params>
          <reporter-output>
          </reporter-output>
        </test-method> <!-- startReport -->
        <test-method status="PASS" signature="Handle_Arrow_On_word(java.lang.reflect.Method)[pri:5, instance:StandAlone.Word_File_Full_RegressionTest@eafc191]" name="Handle_Arrow_On_word" duration-ms="23164" started-at="2020-11-09T10:55:38 WAT" depends-on-methods="StandAlone.Word_File_Full_RegressionTest.Upload_word_File" finished-at="2020-11-09T10:56:01 WAT">
          <params>
            <param index="0">
              <value>
                <![CDATA[public void StandAlone.Word_File_Full_RegressionTest.Handle_Arrow_On_word(java.lang.reflect.Method) throws java.lang.InterruptedException]]>
              </value>
            </param>
          </params>
          <reporter-output>
          </reporter-output>
        </test-method> <!-- Handle_Arrow_On_word -->
        <test-method status="PASS" signature="reporteResu(org.testng.ITestResult)[pri:0, instance:StandAlone.Word_File_Full_RegressionTest@eafc191]" name="reporteResu" is-config="true" duration-ms="336" started-at="2020-11-09T10:56:01 WAT" finished-at="2020-11-09T10:56:01 WAT">
          <params>
            <param index="0">
              <value>
                <![CDATA[[TestResult name=Handle_Arrow_On_word status=SUCCESS method=Word_File_Full_RegressionTest.Handle_Arrow_On_word(java.lang.reflect.Method)[pri:5, instance:StandAlone.Word_File_Full_RegressionTest@eafc191] output={null}]]]>
              </value>
            </param>
          </params>
          <reporter-output>
          </reporter-output>
        </test-method> <!-- reporteResu -->
        <test-method status="PASS" signature="Handle_Underline_On_word(java.lang.reflect.Method)[pri:6, instance:StandAlone.Word_File_Full_RegressionTest@eafc191]" name="Handle_Underline_On_word" duration-ms="5603" started-at="2020-11-09T10:56:01 WAT" depends-on-methods="StandAlone.Word_File_Full_RegressionTest.Upload_word_File" finished-at="2020-11-09T10:56:07 WAT">
          <params>
            <param index="0">
              <value>
                <![CDATA[public void StandAlone.Word_File_Full_RegressionTest.Handle_Underline_On_word(java.lang.reflect.Method) throws java.lang.InterruptedException]]>
              </value>
            </param>
          </params>
          <reporter-output>
          </reporter-output>
        </test-method> <!-- Handle_Underline_On_word -->
        <test-method status="PASS" signature="startReport(java.lang.reflect.Method)[pri:0, instance:StandAlone.Word_File_Full_RegressionTest@eafc191]" name="startReport" is-config="true" duration-ms="0" started-at="2020-11-09T10:56:01 WAT" finished-at="2020-11-09T10:56:01 WAT">
          <params>
            <param index="0">
              <value>
                <![CDATA[public void StandAlone.Word_File_Full_RegressionTest.Handle_Underline_On_word(java.lang.reflect.Method) throws java.lang.InterruptedException]]>
              </value>
            </param>
          </params>
          <reporter-output>
          </reporter-output>
        </test-method> <!-- startReport -->
        <test-method status="PASS" signature="reporteResu(org.testng.ITestResult)[pri:0, instance:StandAlone.Word_File_Full_RegressionTest@eafc191]" name="reporteResu" is-config="true" duration-ms="313" started-at="2020-11-09T10:56:07 WAT" finished-at="2020-11-09T10:56:07 WAT">
          <params>
            <param index="0">
              <value>
                <![CDATA[[TestResult name=Handle_Underline_On_word status=SUCCESS method=Word_File_Full_RegressionTest.Handle_Underline_On_word(java.lang.reflect.Method)[pri:6, instance:StandAlone.Word_File_Full_RegressionTest@eafc191] output={null}]]]>
              </value>
            </param>
          </params>
          <reporter-output>
          </reporter-output>
        </test-method> <!-- reporteResu -->
        <test-method status="PASS" signature="startReport(java.lang.reflect.Method)[pri:0, instance:StandAlone.Word_File_Full_RegressionTest@eafc191]" name="startReport" is-config="true" duration-ms="0" started-at="2020-11-09T10:56:07 WAT" finished-at="2020-11-09T10:56:07 WAT">
          <params>
            <param index="0">
              <value>
                <![CDATA[public void StandAlone.Word_File_Full_RegressionTest.Handle_freeHand_On_word(java.lang.reflect.Method) throws java.lang.InterruptedException]]>
              </value>
            </param>
          </params>
          <reporter-output>
          </reporter-output>
        </test-method> <!-- startReport -->
        <test-method status="PASS" signature="Handle_freeHand_On_word(java.lang.reflect.Method)[pri:7, instance:StandAlone.Word_File_Full_RegressionTest@eafc191]" name="Handle_freeHand_On_word" duration-ms="2726" started-at="2020-11-09T10:56:07 WAT" depends-on-methods="StandAlone.Word_File_Full_RegressionTest.Upload_word_File" finished-at="2020-11-09T10:56:10 WAT">
          <params>
            <param index="0">
              <value>
                <![CDATA[public void StandAlone.Word_File_Full_RegressionTest.Handle_freeHand_On_word(java.lang.reflect.Method) throws java.lang.InterruptedException]]>
              </value>
            </param>
          </params>
          <reporter-output>
          </reporter-output>
        </test-method> <!-- Handle_freeHand_On_word -->
        <test-method status="PASS" signature="reporteResu(org.testng.ITestResult)[pri:0, instance:StandAlone.Word_File_Full_RegressionTest@eafc191]" name="reporteResu" is-config="true" duration-ms="324" started-at="2020-11-09T10:56:10 WAT" finished-at="2020-11-09T10:56:10 WAT">
          <params>
            <param index="0">
              <value>
                <![CDATA[[TestResult name=Handle_freeHand_On_word status=SUCCESS method=Word_File_Full_RegressionTest.Handle_freeHand_On_word(java.lang.reflect.Method)[pri:7, instance:StandAlone.Word_File_Full_RegressionTest@eafc191] output={null}]]]>
              </value>
            </param>
          </params>
          <reporter-output>
          </reporter-output>
        </test-method> <!-- reporteResu -->
        <test-method status="PASS" signature="Handle_polyline_On_word(java.lang.reflect.Method)[pri:8, instance:StandAlone.Word_File_Full_RegressionTest@eafc191]" name="Handle_polyline_On_word" duration-ms="5371" started-at="2020-11-09T10:56:10 WAT" depends-on-methods="StandAlone.Word_File_Full_RegressionTest.Upload_word_File" finished-at="2020-11-09T10:56:16 WAT">
          <params>
            <param index="0">
              <value>
                <![CDATA[public void StandAlone.Word_File_Full_RegressionTest.Handle_polyline_On_word(java.lang.reflect.Method) throws java.lang.InterruptedException]]>
              </value>
            </param>
          </params>
          <reporter-output>
          </reporter-output>
        </test-method> <!-- Handle_polyline_On_word -->
        <test-method status="PASS" signature="startReport(java.lang.reflect.Method)[pri:0, instance:StandAlone.Word_File_Full_RegressionTest@eafc191]" name="startReport" is-config="true" duration-ms="0" started-at="2020-11-09T10:56:10 WAT" finished-at="2020-11-09T10:56:10 WAT">
          <params>
            <param index="0">
              <value>
                <![CDATA[public void StandAlone.Word_File_Full_RegressionTest.Handle_polyline_On_word(java.lang.reflect.Method) throws java.lang.InterruptedException]]>
              </value>
            </param>
          </params>
          <reporter-output>
          </reporter-output>
        </test-method> <!-- startReport -->
        <test-method status="PASS" signature="reporteResu(org.testng.ITestResult)[pri:0, instance:StandAlone.Word_File_Full_RegressionTest@eafc191]" name="reporteResu" is-config="true" duration-ms="304" started-at="2020-11-09T10:56:16 WAT" finished-at="2020-11-09T10:56:16 WAT">
          <params>
            <param index="0">
              <value>
                <![CDATA[[TestResult name=Handle_polyline_On_word status=SUCCESS method=Word_File_Full_RegressionTest.Handle_polyline_On_word(java.lang.reflect.Method)[pri:8, instance:StandAlone.Word_File_Full_RegressionTest@eafc191] output={null}]]]>
              </value>
            </param>
          </params>
          <reporter-output>
          </reporter-output>
        </test-method> <!-- reporteResu -->
        <test-method status="PASS" signature="startReport(java.lang.reflect.Method)[pri:0, instance:StandAlone.Word_File_Full_RegressionTest@eafc191]" name="startReport" is-config="true" duration-ms="0" started-at="2020-11-09T10:56:16 WAT" finished-at="2020-11-09T10:56:16 WAT">
          <params>
            <param index="0">
              <value>
                <![CDATA[public void StandAlone.Word_File_Full_RegressionTest.Handel_Polygone_On_word(java.lang.reflect.Method) throws java.lang.InterruptedException]]>
              </value>
            </param>
          </params>
          <reporter-output>
          </reporter-output>
        </test-method> <!-- startReport -->
        <test-method status="PASS" signature="Handel_Polygone_On_word(java.lang.reflect.Method)[pri:9, instance:StandAlone.Word_File_Full_RegressionTest@eafc191]" name="Handel_Polygone_On_word" duration-ms="5351" started-at="2020-11-09T10:56:16 WAT" depends-on-methods="StandAlone.Word_File_Full_RegressionTest.Upload_word_File" finished-at="2020-11-09T10:56:21 WAT">
          <params>
            <param index="0">
              <value>
                <![CDATA[public void StandAlone.Word_File_Full_RegressionTest.Handel_Polygone_On_word(java.lang.reflect.Method) throws java.lang.InterruptedException]]>
              </value>
            </param>
          </params>
          <reporter-output>
          </reporter-output>
        </test-method> <!-- Handel_Polygone_On_word -->
        <test-method status="PASS" signature="reporteResu(org.testng.ITestResult)[pri:0, instance:StandAlone.Word_File_Full_RegressionTest@eafc191]" name="reporteResu" is-config="true" duration-ms="308" started-at="2020-11-09T10:56:21 WAT" finished-at="2020-11-09T10:56:22 WAT">
          <params>
            <param index="0">
              <value>
                <![CDATA[[TestResult name=Handel_Polygone_On_word status=SUCCESS method=Word_File_Full_RegressionTest.Handel_Polygone_On_word(java.lang.reflect.Method)[pri:9, instance:StandAlone.Word_File_Full_RegressionTest@eafc191] output={null}]]]>
              </value>
            </param>
          </params>
          <reporter-output>
          </reporter-output>
        </test-method> <!-- reporteResu -->
        <test-method status="PASS" signature="Urgent_Stamp_On_word()[pri:10, instance:StandAlone.Word_File_Full_RegressionTest@eafc191]" name="Urgent_Stamp_On_word" duration-ms="3362" started-at="2020-11-09T10:56:22 WAT" depends-on-methods="StandAlone.Word_File_Full_RegressionTest.Upload_word_File" finished-at="2020-11-09T10:56:25 WAT">
          <reporter-output>
          </reporter-output>
        </test-method> <!-- Urgent_Stamp_On_word -->
        <test-method status="PASS" signature="startReport(java.lang.reflect.Method)[pri:0, instance:StandAlone.Word_File_Full_RegressionTest@eafc191]" name="startReport" is-config="true" duration-ms="0" started-at="2020-11-09T10:56:22 WAT" finished-at="2020-11-09T10:56:22 WAT">
          <params>
            <param index="0">
              <value>
                <![CDATA[public void StandAlone.Word_File_Full_RegressionTest.Urgent_Stamp_On_word() throws java.lang.InterruptedException]]>
              </value>
            </param>
          </params>
          <reporter-output>
          </reporter-output>
        </test-method> <!-- startReport -->
        <test-method status="PASS" signature="reporteResu(org.testng.ITestResult)[pri:0, instance:StandAlone.Word_File_Full_RegressionTest@eafc191]" name="reporteResu" is-config="true" duration-ms="444" started-at="2020-11-09T10:56:25 WAT" finished-at="2020-11-09T10:56:25 WAT">
          <params>
            <param index="0">
              <value>
                <![CDATA[[TestResult name=Urgent_Stamp_On_word status=SUCCESS method=Word_File_Full_RegressionTest.Urgent_Stamp_On_word()[pri:10, instance:StandAlone.Word_File_Full_RegressionTest@eafc191] output={null}]]]>
              </value>
            </param>
          </params>
          <reporter-output>
          </reporter-output>
        </test-method> <!-- reporteResu -->
        <test-method status="PASS" signature="Approved_Stamp_On_word()[pri:11, instance:StandAlone.Word_File_Full_RegressionTest@eafc191]" name="Approved_Stamp_On_word" duration-ms="2541" started-at="2020-11-09T10:56:25 WAT" depends-on-methods="StandAlone.Word_File_Full_RegressionTest.Upload_word_File" finished-at="2020-11-09T10:56:28 WAT">
          <reporter-output>
          </reporter-output>
        </test-method> <!-- Approved_Stamp_On_word -->
        <test-method status="PASS" signature="startReport(java.lang.reflect.Method)[pri:0, instance:StandAlone.Word_File_Full_RegressionTest@eafc191]" name="startReport" is-config="true" duration-ms="0" started-at="2020-11-09T10:56:25 WAT" finished-at="2020-11-09T10:56:25 WAT">
          <params>
            <param index="0">
              <value>
                <![CDATA[public void StandAlone.Word_File_Full_RegressionTest.Approved_Stamp_On_word() throws java.lang.InterruptedException]]>
              </value>
            </param>
          </params>
          <reporter-output>
          </reporter-output>
        </test-method> <!-- startReport -->
        <test-method status="PASS" signature="reporteResu(org.testng.ITestResult)[pri:0, instance:StandAlone.Word_File_Full_RegressionTest@eafc191]" name="reporteResu" is-config="true" duration-ms="379" started-at="2020-11-09T10:56:28 WAT" finished-at="2020-11-09T10:56:28 WAT">
          <params>
            <param index="0">
              <value>
                <![CDATA[[TestResult name=Approved_Stamp_On_word status=SUCCESS method=Word_File_Full_RegressionTest.Approved_Stamp_On_word()[pri:11, instance:StandAlone.Word_File_Full_RegressionTest@eafc191] output={null}]]]>
              </value>
            </param>
          </params>
          <reporter-output>
          </reporter-output>
        </test-method> <!-- reporteResu -->
        <test-method status="PASS" signature="startReport(java.lang.reflect.Method)[pri:0, instance:StandAlone.Word_File_Full_RegressionTest@eafc191]" name="startReport" is-config="true" duration-ms="1" started-at="2020-11-09T10:56:28 WAT" finished-at="2020-11-09T10:56:28 WAT">
          <params>
            <param index="0">
              <value>
                <![CDATA[public void StandAlone.Word_File_Full_RegressionTest.Draft_Stamp_On_word() throws java.lang.InterruptedException]]>
              </value>
            </param>
          </params>
          <reporter-output>
          </reporter-output>
        </test-method> <!-- startReport -->
        <test-method status="PASS" signature="Draft_Stamp_On_word()[pri:12, instance:StandAlone.Word_File_Full_RegressionTest@eafc191]" name="Draft_Stamp_On_word" duration-ms="3380" started-at="2020-11-09T10:56:28 WAT" depends-on-methods="StandAlone.Word_File_Full_RegressionTest.Upload_word_File" finished-at="2020-11-09T10:56:32 WAT">
          <reporter-output>
          </reporter-output>
        </test-method> <!-- Draft_Stamp_On_word -->
        <test-method status="PASS" signature="reporteResu(org.testng.ITestResult)[pri:0, instance:StandAlone.Word_File_Full_RegressionTest@eafc191]" name="reporteResu" is-config="true" duration-ms="412" started-at="2020-11-09T10:56:32 WAT" finished-at="2020-11-09T10:56:32 WAT">
          <params>
            <param index="0">
              <value>
                <![CDATA[[TestResult name=Draft_Stamp_On_word status=SUCCESS method=Word_File_Full_RegressionTest.Draft_Stamp_On_word()[pri:12, instance:StandAlone.Word_File_Full_RegressionTest@eafc191] output={null}]]]>
              </value>
            </param>
          </params>
          <reporter-output>
          </reporter-output>
        </test-method> <!-- reporteResu -->
        <test-method status="PASS" signature="startReport(java.lang.reflect.Method)[pri:0, instance:StandAlone.Word_File_Full_RegressionTest@eafc191]" name="startReport" is-config="true" duration-ms="0" started-at="2020-11-09T10:56:32 WAT" finished-at="2020-11-09T10:56:32 WAT">
          <params>
            <param index="0">
              <value>
                <![CDATA[public void StandAlone.Word_File_Full_RegressionTest.Signature_Stamp_On_word() throws java.lang.InterruptedException]]>
              </value>
            </param>
          </params>
          <reporter-output>
          </reporter-output>
        </test-method> <!-- startReport -->
        <test-method status="PASS" signature="Signature_Stamp_On_word()[pri:13, instance:StandAlone.Word_File_Full_RegressionTest@eafc191]" name="Signature_Stamp_On_word" duration-ms="3329" started-at="2020-11-09T10:56:32 WAT" depends-on-methods="StandAlone.Word_File_Full_RegressionTest.Upload_word_File" finished-at="2020-11-09T10:56:35 WAT">
          <reporter-output>
          </reporter-output>
        </test-method> <!-- Signature_Stamp_On_word -->
        <test-method status="PASS" signature="reporteResu(org.testng.ITestResult)[pri:0, instance:StandAlone.Word_File_Full_RegressionTest@eafc191]" name="reporteResu" is-config="true" duration-ms="441" started-at="2020-11-09T10:56:35 WAT" finished-at="2020-11-09T10:56:36 WAT">
          <params>
            <param index="0">
              <value>
                <![CDATA[[TestResult name=Signature_Stamp_On_word status=SUCCESS method=Word_File_Full_RegressionTest.Signature_Stamp_On_word()[pri:13, instance:StandAlone.Word_File_Full_RegressionTest@eafc191] output={null}]]]>
              </value>
            </param>
          </params>
          <reporter-output>
          </reporter-output>
        </test-method> <!-- reporteResu -->
        <test-method status="PASS" signature="Free_Stamp_On_word()[pri:14, instance:StandAlone.Word_File_Full_RegressionTest@eafc191]" name="Free_Stamp_On_word" duration-ms="3616" started-at="2020-11-09T10:56:36 WAT" depends-on-methods="StandAlone.Word_File_Full_RegressionTest.Upload_word_File" finished-at="2020-11-09T10:56:40 WAT">
          <reporter-output>
          </reporter-output>
        </test-method> <!-- Free_Stamp_On_word -->
        <test-method status="PASS" signature="startReport(java.lang.reflect.Method)[pri:0, instance:StandAlone.Word_File_Full_RegressionTest@eafc191]" name="startReport" is-config="true" duration-ms="0" started-at="2020-11-09T10:56:36 WAT" finished-at="2020-11-09T10:56:36 WAT">
          <params>
            <param index="0">
              <value>
                <![CDATA[public void StandAlone.Word_File_Full_RegressionTest.Free_Stamp_On_word() throws java.lang.InterruptedException]]>
              </value>
            </param>
          </params>
          <reporter-output>
          </reporter-output>
        </test-method> <!-- startReport -->
        <test-method status="PASS" signature="reporteResu(org.testng.ITestResult)[pri:0, instance:StandAlone.Word_File_Full_RegressionTest@eafc191]" name="reporteResu" is-config="true" duration-ms="430" started-at="2020-11-09T10:56:40 WAT" finished-at="2020-11-09T10:56:40 WAT">
          <params>
            <param index="0">
              <value>
                <![CDATA[[TestResult name=Free_Stamp_On_word status=SUCCESS method=Word_File_Full_RegressionTest.Free_Stamp_On_word()[pri:14, instance:StandAlone.Word_File_Full_RegressionTest@eafc191] output={null}]]]>
              </value>
            </param>
          </params>
          <reporter-output>
          </reporter-output>
        </test-method> <!-- reporteResu -->
        <test-method status="PASS" signature="startReport(java.lang.reflect.Method)[pri:0, instance:StandAlone.Word_File_Full_RegressionTest@eafc191]" name="startReport" is-config="true" duration-ms="1" started-at="2020-11-09T10:56:40 WAT" finished-at="2020-11-09T10:56:40 WAT">
          <params>
            <param index="0">
              <value>
                <![CDATA[public void StandAlone.Word_File_Full_RegressionTest.delete_Anotation_On_word(java.lang.reflect.Method) throws java.lang.InterruptedException]]>
              </value>
            </param>
          </params>
          <reporter-output>
          </reporter-output>
        </test-method> <!-- startReport -->
        <test-method status="PASS" signature="delete_Anotation_On_word(java.lang.reflect.Method)[pri:15, instance:StandAlone.Word_File_Full_RegressionTest@eafc191]" name="delete_Anotation_On_word" duration-ms="1698" started-at="2020-11-09T10:56:40 WAT" depends-on-methods="StandAlone.Word_File_Full_RegressionTest.Handle_StickyNote_On_word, StandAlone.Word_File_Full_RegressionTest.Handel_Polygone_On_word, StandAlone.Word_File_Full_RegressionTest.Upload_word_File" finished-at="2020-11-09T10:56:42 WAT">
          <params>
            <param index="0">
              <value>
                <![CDATA[public void StandAlone.Word_File_Full_RegressionTest.delete_Anotation_On_word(java.lang.reflect.Method) throws java.lang.InterruptedException]]>
              </value>
            </param>
          </params>
          <reporter-output>
          </reporter-output>
        </test-method> <!-- delete_Anotation_On_word -->
        <test-method status="PASS" signature="reporteResu(org.testng.ITestResult)[pri:0, instance:StandAlone.Word_File_Full_RegressionTest@eafc191]" name="reporteResu" is-config="true" duration-ms="356" started-at="2020-11-09T10:56:42 WAT" finished-at="2020-11-09T10:56:42 WAT">
          <params>
            <param index="0">
              <value>
                <![CDATA[[TestResult name=delete_Anotation_On_word status=SUCCESS method=Word_File_Full_RegressionTest.delete_Anotation_On_word(java.lang.reflect.Method)[pri:15, instance:StandAlone.Word_File_Full_RegressionTest@eafc191] output={null}]]]>
              </value>
            </param>
          </params>
          <reporter-output>
          </reporter-output>
        </test-method> <!-- reporteResu -->
        <test-method status="PASS" signature="Refresh_After_Delete_Anotation_On_word(java.lang.reflect.Method)[pri:16, instance:StandAlone.Word_File_Full_RegressionTest@eafc191]" name="Refresh_After_Delete_Anotation_On_word" duration-ms="20570" started-at="2020-11-09T10:56:42 WAT" depends-on-methods="StandAlone.Word_File_Full_RegressionTest.delete_Anotation_On_word" finished-at="2020-11-09T10:57:03 WAT">
          <params>
            <param index="0">
              <value>
                <![CDATA[public void StandAlone.Word_File_Full_RegressionTest.Refresh_After_Delete_Anotation_On_word(java.lang.reflect.Method) throws java.lang.InterruptedException]]>
              </value>
            </param>
          </params>
          <reporter-output>
          </reporter-output>
        </test-method> <!-- Refresh_After_Delete_Anotation_On_word -->
        <test-method status="PASS" signature="startReport(java.lang.reflect.Method)[pri:0, instance:StandAlone.Word_File_Full_RegressionTest@eafc191]" name="startReport" is-config="true" duration-ms="0" started-at="2020-11-09T10:56:42 WAT" finished-at="2020-11-09T10:56:42 WAT">
          <params>
            <param index="0">
              <value>
                <![CDATA[public void StandAlone.Word_File_Full_RegressionTest.Refresh_After_Delete_Anotation_On_word(java.lang.reflect.Method) throws java.lang.InterruptedException]]>
              </value>
            </param>
          </params>
          <reporter-output>
          </reporter-output>
        </test-method> <!-- startReport -->
        <test-method status="PASS" signature="reporteResu(org.testng.ITestResult)[pri:0, instance:StandAlone.Word_File_Full_RegressionTest@eafc191]" name="reporteResu" is-config="true" duration-ms="359" started-at="2020-11-09T10:57:03 WAT" finished-at="2020-11-09T10:57:03 WAT">
          <params>
            <param index="0">
              <value>
                <![CDATA[[TestResult name=Refresh_After_Delete_Anotation_On_word status=SUCCESS method=Word_File_Full_RegressionTest.Refresh_After_Delete_Anotation_On_word(java.lang.reflect.Method)[pri:16, instance:StandAlone.Word_File_Full_RegressionTest@eafc191] output={null}]]]>
              </value>
            </param>
          </params>
          <reporter-output>
          </reporter-output>
        </test-method> <!-- reporteResu -->
        <test-method status="PASS" signature="SAVE_DATA_ON_word(java.lang.reflect.Method)[pri:17, instance:StandAlone.Word_File_Full_RegressionTest@eafc191]" name="SAVE_DATA_ON_word" duration-ms="6801" started-at="2020-11-09T10:57:03 WAT" depends-on-methods="StandAlone.Word_File_Full_RegressionTest.Upload_word_File" finished-at="2020-11-09T10:57:10 WAT">
          <params>
            <param index="0">
              <value>
                <![CDATA[public void StandAlone.Word_File_Full_RegressionTest.SAVE_DATA_ON_word(java.lang.reflect.Method) throws java.lang.InterruptedException]]>
              </value>
            </param>
          </params>
          <reporter-output>
          </reporter-output>
        </test-method> <!-- SAVE_DATA_ON_word -->
        <test-method status="PASS" signature="startReport(java.lang.reflect.Method)[pri:0, instance:StandAlone.Word_File_Full_RegressionTest@eafc191]" name="startReport" is-config="true" duration-ms="0" started-at="2020-11-09T10:57:03 WAT" finished-at="2020-11-09T10:57:03 WAT">
          <params>
            <param index="0">
              <value>
                <![CDATA[public void StandAlone.Word_File_Full_RegressionTest.SAVE_DATA_ON_word(java.lang.reflect.Method) throws java.lang.InterruptedException]]>
              </value>
            </param>
          </params>
          <reporter-output>
          </reporter-output>
        </test-method> <!-- startReport -->
        <test-method status="PASS" signature="reporteResu(org.testng.ITestResult)[pri:0, instance:StandAlone.Word_File_Full_RegressionTest@eafc191]" name="reporteResu" is-config="true" duration-ms="325" started-at="2020-11-09T10:57:10 WAT" finished-at="2020-11-09T10:57:10 WAT">
          <params>
            <param index="0">
              <value>
                <![CDATA[[TestResult name=SAVE_DATA_ON_word status=SUCCESS method=Word_File_Full_RegressionTest.SAVE_DATA_ON_word(java.lang.reflect.Method)[pri:17, instance:StandAlone.Word_File_Full_RegressionTest@eafc191] output={null}]]]>
              </value>
            </param>
          </params>
          <reporter-output>
          </reporter-output>
        </test-method> <!-- reporteResu -->
        <test-method status="PASS" signature="startReport(java.lang.reflect.Method)[pri:0, instance:StandAlone.Word_File_Full_RegressionTest@eafc191]" name="startReport" is-config="true" duration-ms="0" started-at="2020-11-09T10:57:10 WAT" finished-at="2020-11-09T10:57:10 WAT">
          <params>
            <param index="0">
              <value>
                <![CDATA[public void StandAlone.Word_File_Full_RegressionTest.Refresh_After_Save_Anotation_On_word(java.lang.reflect.Method) throws java.lang.InterruptedException]]>
              </value>
            </param>
          </params>
          <reporter-output>
          </reporter-output>
        </test-method> <!-- startReport -->
        <test-method status="PASS" signature="Refresh_After_Save_Anotation_On_word(java.lang.reflect.Method)[pri:18, instance:StandAlone.Word_File_Full_RegressionTest@eafc191]" name="Refresh_After_Save_Anotation_On_word" duration-ms="181" started-at="2020-11-09T10:57:10 WAT" depends-on-methods="StandAlone.Word_File_Full_RegressionTest.SAVE_DATA_ON_word" finished-at="2020-11-09T10:57:10 WAT">
          <params>
            <param index="0">
              <value>
                <![CDATA[public void StandAlone.Word_File_Full_RegressionTest.Refresh_After_Save_Anotation_On_word(java.lang.reflect.Method) throws java.lang.InterruptedException]]>
              </value>
            </param>
          </params>
          <reporter-output>
          </reporter-output>
        </test-method> <!-- Refresh_After_Save_Anotation_On_word -->
        <test-method status="PASS" signature="reporteResu(org.testng.ITestResult)[pri:0, instance:StandAlone.Word_File_Full_RegressionTest@eafc191]" name="reporteResu" is-config="true" duration-ms="312" started-at="2020-11-09T10:57:10 WAT" finished-at="2020-11-09T10:57:11 WAT">
          <params>
            <param index="0">
              <value>
                <![CDATA[[TestResult name=Refresh_After_Save_Anotation_On_word status=SUCCESS method=Word_File_Full_RegressionTest.Refresh_After_Save_Anotation_On_word(java.lang.reflect.Method)[pri:18, instance:StandAlone.Word_File_Full_RegressionTest@eafc191] output={null}]]]>
              </value>
            </param>
          </params>
          <reporter-output>
          </reporter-output>
        </test-method> <!-- reporteResu -->
        <test-method status="PASS" signature="startReport(java.lang.reflect.Method)[pri:0, instance:StandAlone.Word_File_Full_RegressionTest@eafc191]" name="startReport" is-config="true" duration-ms="1" started-at="2020-11-09T10:57:11 WAT" finished-at="2020-11-09T10:57:11 WAT">
          <params>
            <param index="0">
              <value>
                <![CDATA[public void StandAlone.Word_File_Full_RegressionTest.Add_a_Signet_On_word(java.lang.reflect.Method) throws java.lang.InterruptedException,java.io.IOException]]>
              </value>
            </param>
          </params>
          <reporter-output>
          </reporter-output>
        </test-method> <!-- startReport -->
        <test-method status="PASS" signature="Add_a_Signet_On_word(java.lang.reflect.Method)[pri:19, instance:StandAlone.Word_File_Full_RegressionTest@eafc191]" name="Add_a_Signet_On_word" duration-ms="5148" started-at="2020-11-09T10:57:11 WAT" depends-on-methods="StandAlone.Word_File_Full_RegressionTest.Upload_word_File" finished-at="2020-11-09T10:57:16 WAT">
          <params>
            <param index="0">
              <value>
                <![CDATA[public void StandAlone.Word_File_Full_RegressionTest.Add_a_Signet_On_word(java.lang.reflect.Method) throws java.lang.InterruptedException,java.io.IOException]]>
              </value>
            </param>
          </params>
          <reporter-output>
          </reporter-output>
        </test-method> <!-- Add_a_Signet_On_word -->
        <test-method status="PASS" signature="reporteResu(org.testng.ITestResult)[pri:0, instance:StandAlone.Word_File_Full_RegressionTest@eafc191]" name="reporteResu" is-config="true" duration-ms="310" started-at="2020-11-09T10:57:16 WAT" finished-at="2020-11-09T10:57:16 WAT">
          <params>
            <param index="0">
              <value>
                <![CDATA[[TestResult name=Add_a_Signet_On_word status=SUCCESS method=Word_File_Full_RegressionTest.Add_a_Signet_On_word(java.lang.reflect.Method)[pri:19, instance:StandAlone.Word_File_Full_RegressionTest@eafc191] output={null}]]]>
              </value>
            </param>
          </params>
          <reporter-output>
          </reporter-output>
        </test-method> <!-- reporteResu -->
        <test-method status="PASS" signature="Delete_a_Signet_On_word(java.lang.reflect.Method)[pri:20, instance:StandAlone.Word_File_Full_RegressionTest@eafc191]" name="Delete_a_Signet_On_word" duration-ms="4361" started-at="2020-11-09T10:57:16 WAT" depends-on-methods="StandAlone.Word_File_Full_RegressionTest.Add_a_Signet_On_word" finished-at="2020-11-09T10:57:20 WAT">
          <params>
            <param index="0">
              <value>
                <![CDATA[public void StandAlone.Word_File_Full_RegressionTest.Delete_a_Signet_On_word(java.lang.reflect.Method) throws java.lang.InterruptedException,java.io.IOException]]>
              </value>
            </param>
          </params>
          <reporter-output>
          </reporter-output>
        </test-method> <!-- Delete_a_Signet_On_word -->
        <test-method status="PASS" signature="startReport(java.lang.reflect.Method)[pri:0, instance:StandAlone.Word_File_Full_RegressionTest@eafc191]" name="startReport" is-config="true" duration-ms="0" started-at="2020-11-09T10:57:16 WAT" finished-at="2020-11-09T10:57:16 WAT">
          <params>
            <param index="0">
              <value>
                <![CDATA[public void StandAlone.Word_File_Full_RegressionTest.Delete_a_Signet_On_word(java.lang.reflect.Method) throws java.lang.InterruptedException,java.io.IOException]]>
              </value>
            </param>
          </params>
          <reporter-output>
          </reporter-output>
        </test-method> <!-- startReport -->
        <test-method status="PASS" signature="reporteResu(org.testng.ITestResult)[pri:0, instance:StandAlone.Word_File_Full_RegressionTest@eafc191]" name="reporteResu" is-config="true" duration-ms="305" started-at="2020-11-09T10:57:20 WAT" finished-at="2020-11-09T10:57:21 WAT">
          <params>
            <param index="0">
              <value>
                <![CDATA[[TestResult name=Delete_a_Signet_On_word status=SUCCESS method=Word_File_Full_RegressionTest.Delete_a_Signet_On_word(java.lang.reflect.Method)[pri:20, instance:StandAlone.Word_File_Full_RegressionTest@eafc191] output={null}]]]>
              </value>
            </param>
          </params>
          <reporter-output>
          </reporter-output>
        </test-method> <!-- reporteResu -->
        <test-method status="PASS" signature="startReport(java.lang.reflect.Method)[pri:0, instance:StandAlone.Word_File_Full_RegressionTest@eafc191]" name="startReport" is-config="true" duration-ms="0" started-at="2020-11-09T10:57:21 WAT" finished-at="2020-11-09T10:57:21 WAT">
          <params>
            <param index="0">
              <value>
                <![CDATA[public void StandAlone.Word_File_Full_RegressionTest.ADD_AN_ANCRE_On_word(java.lang.reflect.Method) throws java.lang.InterruptedException,java.io.IOException]]>
              </value>
            </param>
          </params>
          <reporter-output>
          </reporter-output>
        </test-method> <!-- startReport -->
        <test-method status="PASS" signature="ADD_AN_ANCRE_On_word(java.lang.reflect.Method)[pri:21, instance:StandAlone.Word_File_Full_RegressionTest@eafc191]" name="ADD_AN_ANCRE_On_word" duration-ms="21513" started-at="2020-11-09T10:57:21 WAT" depends-on-methods="StandAlone.Word_File_Full_RegressionTest.Upload_word_File" finished-at="2020-11-09T10:57:42 WAT">
          <params>
            <param index="0">
              <value>
                <![CDATA[public void StandAlone.Word_File_Full_RegressionTest.ADD_AN_ANCRE_On_word(java.lang.reflect.Method) throws java.lang.InterruptedException,java.io.IOException]]>
              </value>
            </param>
          </params>
          <reporter-output>
          </reporter-output>
        </test-method> <!-- ADD_AN_ANCRE_On_word -->
        <test-method status="PASS" signature="reporteResu(org.testng.ITestResult)[pri:0, instance:StandAlone.Word_File_Full_RegressionTest@eafc191]" name="reporteResu" is-config="true" duration-ms="310" started-at="2020-11-09T10:57:42 WAT" finished-at="2020-11-09T10:57:42 WAT">
          <params>
            <param index="0">
              <value>
                <![CDATA[[TestResult name=ADD_AN_ANCRE_On_word status=SUCCESS method=Word_File_Full_RegressionTest.ADD_AN_ANCRE_On_word(java.lang.reflect.Method)[pri:21, instance:StandAlone.Word_File_Full_RegressionTest@eafc191] output={null}]]]>
              </value>
            </param>
          </params>
          <reporter-output>
          </reporter-output>
        </test-method> <!-- reporteResu -->
        <test-method status="PASS" signature="SKIP_AN_ANCRE_On_word(java.lang.reflect.Method)[pri:22, instance:StandAlone.Word_File_Full_RegressionTest@eafc191]" name="SKIP_AN_ANCRE_On_word" duration-ms="21324" started-at="2020-11-09T10:57:42 WAT" depends-on-methods="StandAlone.Word_File_Full_RegressionTest.Upload_word_File" finished-at="2020-11-09T10:58:04 WAT">
          <params>
            <param index="0">
              <value>
                <![CDATA[public void StandAlone.Word_File_Full_RegressionTest.SKIP_AN_ANCRE_On_word(java.lang.reflect.Method) throws java.lang.InterruptedException,java.io.IOException]]>
              </value>
            </param>
          </params>
          <reporter-output>
          </reporter-output>
        </test-method> <!-- SKIP_AN_ANCRE_On_word -->
        <test-method status="PASS" signature="startReport(java.lang.reflect.Method)[pri:0, instance:StandAlone.Word_File_Full_RegressionTest@eafc191]" name="startReport" is-config="true" duration-ms="0" started-at="2020-11-09T10:57:42 WAT" finished-at="2020-11-09T10:57:42 WAT">
          <params>
            <param index="0">
              <value>
                <![CDATA[public void StandAlone.Word_File_Full_RegressionTest.SKIP_AN_ANCRE_On_word(java.lang.reflect.Method) throws java.lang.InterruptedException,java.io.IOException]]>
              </value>
            </param>
          </params>
          <reporter-output>
          </reporter-output>
        </test-method> <!-- startReport -->
        <test-method status="PASS" signature="reporteResu(org.testng.ITestResult)[pri:0, instance:StandAlone.Word_File_Full_RegressionTest@eafc191]" name="reporteResu" is-config="true" duration-ms="301" started-at="2020-11-09T10:58:04 WAT" finished-at="2020-11-09T10:58:04 WAT">
          <params>
            <param index="0">
              <value>
                <![CDATA[[TestResult name=SKIP_AN_ANCRE_On_word status=SUCCESS method=Word_File_Full_RegressionTest.SKIP_AN_ANCRE_On_word(java.lang.reflect.Method)[pri:22, instance:StandAlone.Word_File_Full_RegressionTest@eafc191] output={null}]]]>
              </value>
            </param>
          </params>
          <reporter-output>
          </reporter-output>
        </test-method> <!-- reporteResu -->
        <test-method status="PASS" signature="startReport(java.lang.reflect.Method)[pri:0, instance:StandAlone.Word_File_Full_RegressionTest@eafc191]" name="startReport" is-config="true" duration-ms="0" started-at="2020-11-09T10:58:04 WAT" finished-at="2020-11-09T10:58:04 WAT">
          <params>
            <param index="0">
              <value>
                <![CDATA[public void StandAlone.Word_File_Full_RegressionTest.ZoomIn_On_word(java.lang.reflect.Method) throws java.lang.InterruptedException,java.io.IOException]]>
              </value>
            </param>
          </params>
          <reporter-output>
          </reporter-output>
        </test-method> <!-- startReport -->
        <test-method status="PASS" signature="ZoomIn_On_word(java.lang.reflect.Method)[pri:23, instance:StandAlone.Word_File_Full_RegressionTest@eafc191]" name="ZoomIn_On_word" duration-ms="1345" started-at="2020-11-09T10:58:04 WAT" depends-on-methods="StandAlone.Word_File_Full_RegressionTest.Upload_word_File" finished-at="2020-11-09T10:58:05 WAT">
          <params>
            <param index="0">
              <value>
                <![CDATA[public void StandAlone.Word_File_Full_RegressionTest.ZoomIn_On_word(java.lang.reflect.Method) throws java.lang.InterruptedException,java.io.IOException]]>
              </value>
            </param>
          </params>
          <reporter-output>
          </reporter-output>
        </test-method> <!-- ZoomIn_On_word -->
        <test-method status="PASS" signature="reporteResu(org.testng.ITestResult)[pri:0, instance:StandAlone.Word_File_Full_RegressionTest@eafc191]" name="reporteResu" is-config="true" duration-ms="373" started-at="2020-11-09T10:58:05 WAT" finished-at="2020-11-09T10:58:06 WAT">
          <params>
            <param index="0">
              <value>
                <![CDATA[[TestResult name=ZoomIn_On_word status=SUCCESS method=Word_File_Full_RegressionTest.ZoomIn_On_word(java.lang.reflect.Method)[pri:23, instance:StandAlone.Word_File_Full_RegressionTest@eafc191] output={null}]]]>
              </value>
            </param>
          </params>
          <reporter-output>
          </reporter-output>
        </test-method> <!-- reporteResu -->
        <test-method status="PASS" signature="startReport(java.lang.reflect.Method)[pri:0, instance:StandAlone.Word_File_Full_RegressionTest@eafc191]" name="startReport" is-config="true" duration-ms="0" started-at="2020-11-09T10:58:06 WAT" finished-at="2020-11-09T10:58:06 WAT">
          <params>
            <param index="0">
              <value>
                <![CDATA[public void StandAlone.Word_File_Full_RegressionTest.ZoomOut_On_word(java.lang.reflect.Method) throws java.lang.InterruptedException,java.io.IOException]]>
              </value>
            </param>
          </params>
          <reporter-output>
          </reporter-output>
        </test-method> <!-- startReport -->
        <test-method status="PASS" signature="ZoomOut_On_word(java.lang.reflect.Method)[pri:24, instance:StandAlone.Word_File_Full_RegressionTest@eafc191]" name="ZoomOut_On_word" duration-ms="808" started-at="2020-11-09T10:58:06 WAT" depends-on-methods="StandAlone.Word_File_Full_RegressionTest.Upload_word_File" finished-at="2020-11-09T10:58:07 WAT">
          <params>
            <param index="0">
              <value>
                <![CDATA[public void StandAlone.Word_File_Full_RegressionTest.ZoomOut_On_word(java.lang.reflect.Method) throws java.lang.InterruptedException,java.io.IOException]]>
              </value>
            </param>
          </params>
          <reporter-output>
          </reporter-output>
        </test-method> <!-- ZoomOut_On_word -->
        <test-method status="PASS" signature="reporteResu(org.testng.ITestResult)[pri:0, instance:StandAlone.Word_File_Full_RegressionTest@eafc191]" name="reporteResu" is-config="true" duration-ms="330" started-at="2020-11-09T10:58:07 WAT" finished-at="2020-11-09T10:58:07 WAT">
          <params>
            <param index="0">
              <value>
                <![CDATA[[TestResult name=ZoomOut_On_word status=SUCCESS method=Word_File_Full_RegressionTest.ZoomOut_On_word(java.lang.reflect.Method)[pri:24, instance:StandAlone.Word_File_Full_RegressionTest@eafc191] output={null}]]]>
              </value>
            </param>
          </params>
          <reporter-output>
          </reporter-output>
        </test-method> <!-- reporteResu -->
        <test-method status="PASS" signature="ZoomInZone_On_word(java.lang.reflect.Method)[pri:25, instance:StandAlone.Word_File_Full_RegressionTest@eafc191]" name="ZoomInZone_On_word" duration-ms="726" started-at="2020-11-09T10:58:07 WAT" depends-on-methods="StandAlone.Word_File_Full_RegressionTest.Upload_word_File" finished-at="2020-11-09T10:58:08 WAT">
          <params>
            <param index="0">
              <value>
                <![CDATA[public void StandAlone.Word_File_Full_RegressionTest.ZoomInZone_On_word(java.lang.reflect.Method) throws java.lang.InterruptedException,java.io.IOException]]>
              </value>
            </param>
          </params>
          <reporter-output>
          </reporter-output>
        </test-method> <!-- ZoomInZone_On_word -->
        <test-method status="PASS" signature="startReport(java.lang.reflect.Method)[pri:0, instance:StandAlone.Word_File_Full_RegressionTest@eafc191]" name="startReport" is-config="true" duration-ms="0" started-at="2020-11-09T10:58:07 WAT" finished-at="2020-11-09T10:58:07 WAT">
          <params>
            <param index="0">
              <value>
                <![CDATA[public void StandAlone.Word_File_Full_RegressionTest.ZoomInZone_On_word(java.lang.reflect.Method) throws java.lang.InterruptedException,java.io.IOException]]>
              </value>
            </param>
          </params>
          <reporter-output>
          </reporter-output>
        </test-method> <!-- startReport -->
        <test-method status="PASS" signature="reporteResu(org.testng.ITestResult)[pri:0, instance:StandAlone.Word_File_Full_RegressionTest@eafc191]" name="reporteResu" is-config="true" duration-ms="386" started-at="2020-11-09T10:58:08 WAT" finished-at="2020-11-09T10:58:08 WAT">
          <params>
            <param index="0">
              <value>
                <![CDATA[[TestResult name=ZoomInZone_On_word status=SUCCESS method=Word_File_Full_RegressionTest.ZoomInZone_On_word(java.lang.reflect.Method)[pri:25, instance:StandAlone.Word_File_Full_RegressionTest@eafc191] output={null}]]]>
              </value>
            </param>
          </params>
          <reporter-output>
          </reporter-output>
        </test-method> <!-- reporteResu -->
        <test-method status="PASS" signature="Zoom_Adjust_On_word(java.lang.reflect.Method)[pri:26, instance:StandAlone.Word_File_Full_RegressionTest@eafc191]" name="Zoom_Adjust_On_word" duration-ms="807" started-at="2020-11-09T10:58:08 WAT" depends-on-methods="StandAlone.Word_File_Full_RegressionTest.Upload_word_File" finished-at="2020-11-09T10:58:09 WAT">
          <params>
            <param index="0">
              <value>
                <![CDATA[public void StandAlone.Word_File_Full_RegressionTest.Zoom_Adjust_On_word(java.lang.reflect.Method) throws java.lang.InterruptedException,java.io.IOException]]>
              </value>
            </param>
          </params>
          <reporter-output>
          </reporter-output>
        </test-method> <!-- Zoom_Adjust_On_word -->
        <test-method status="PASS" signature="startReport(java.lang.reflect.Method)[pri:0, instance:StandAlone.Word_File_Full_RegressionTest@eafc191]" name="startReport" is-config="true" duration-ms="0" started-at="2020-11-09T10:58:08 WAT" finished-at="2020-11-09T10:58:08 WAT">
          <params>
            <param index="0">
              <value>
                <![CDATA[public void StandAlone.Word_File_Full_RegressionTest.Zoom_Adjust_On_word(java.lang.reflect.Method) throws java.lang.InterruptedException,java.io.IOException]]>
              </value>
            </param>
          </params>
          <reporter-output>
          </reporter-output>
        </test-method> <!-- startReport -->
        <test-method status="PASS" signature="reporteResu(org.testng.ITestResult)[pri:0, instance:StandAlone.Word_File_Full_RegressionTest@eafc191]" name="reporteResu" is-config="true" duration-ms="315" started-at="2020-11-09T10:58:09 WAT" finished-at="2020-11-09T10:58:09 WAT">
          <params>
            <param index="0">
              <value>
                <![CDATA[[TestResult name=Zoom_Adjust_On_word status=SUCCESS method=Word_File_Full_RegressionTest.Zoom_Adjust_On_word(java.lang.reflect.Method)[pri:26, instance:StandAlone.Word_File_Full_RegressionTest@eafc191] output={null}]]]>
              </value>
            </param>
          </params>
          <reporter-output>
          </reporter-output>
        </test-method> <!-- reporteResu -->
        <test-method status="PASS" signature="Zoom_Text_Box_Control_On_word(java.lang.reflect.Method)[pri:27, instance:StandAlone.Word_File_Full_RegressionTest@eafc191]" name="Zoom_Text_Box_Control_On_word" duration-ms="2526" started-at="2020-11-09T10:58:09 WAT" depends-on-methods="StandAlone.Word_File_Full_RegressionTest.Upload_word_File" finished-at="2020-11-09T10:58:12 WAT">
          <params>
            <param index="0">
              <value>
                <![CDATA[public void StandAlone.Word_File_Full_RegressionTest.Zoom_Text_Box_Control_On_word(java.lang.reflect.Method) throws java.lang.InterruptedException,java.io.IOException]]>
              </value>
            </param>
          </params>
          <reporter-output>
          </reporter-output>
        </test-method> <!-- Zoom_Text_Box_Control_On_word -->
        <test-method status="PASS" signature="startReport(java.lang.reflect.Method)[pri:0, instance:StandAlone.Word_File_Full_RegressionTest@eafc191]" name="startReport" is-config="true" duration-ms="0" started-at="2020-11-09T10:58:09 WAT" finished-at="2020-11-09T10:58:09 WAT">
          <params>
            <param index="0">
              <value>
                <![CDATA[public void StandAlone.Word_File_Full_RegressionTest.Zoom_Text_Box_Control_On_word(java.lang.reflect.Method) throws java.lang.InterruptedException,java.io.IOException]]>
              </value>
            </param>
          </params>
          <reporter-output>
          </reporter-output>
        </test-method> <!-- startReport -->
        <test-method status="PASS" signature="reporteResu(org.testng.ITestResult)[pri:0, instance:StandAlone.Word_File_Full_RegressionTest@eafc191]" name="reporteResu" is-config="true" duration-ms="357" started-at="2020-11-09T10:58:12 WAT" finished-at="2020-11-09T10:58:12 WAT">
          <params>
            <param index="0">
              <value>
                <![CDATA[[TestResult name=Zoom_Text_Box_Control_On_word status=SUCCESS method=Word_File_Full_RegressionTest.Zoom_Text_Box_Control_On_word(java.lang.reflect.Method)[pri:27, instance:StandAlone.Word_File_Full_RegressionTest@eafc191] output={null}]]]>
              </value>
            </param>
          </params>
          <reporter-output>
          </reporter-output>
        </test-method> <!-- reporteResu -->
        <test-method status="PASS" signature="startReport(java.lang.reflect.Method)[pri:0, instance:StandAlone.Word_File_Full_RegressionTest@eafc191]" name="startReport" is-config="true" duration-ms="0" started-at="2020-11-09T10:58:12 WAT" finished-at="2020-11-09T10:58:12 WAT">
          <params>
            <param index="0">
              <value>
                <![CDATA[public void StandAlone.Word_File_Full_RegressionTest.Left_Rotation_Control_On_word(java.lang.reflect.Method) throws java.lang.InterruptedException,java.io.IOException]]>
              </value>
            </param>
          </params>
          <reporter-output>
          </reporter-output>
        </test-method> <!-- startReport -->
        <test-method status="PASS" signature="Left_Rotation_Control_On_word(java.lang.reflect.Method)[pri:28, instance:StandAlone.Word_File_Full_RegressionTest@eafc191]" name="Left_Rotation_Control_On_word" duration-ms="958" started-at="2020-11-09T10:58:12 WAT" depends-on-methods="StandAlone.Word_File_Full_RegressionTest.Upload_word_File" finished-at="2020-11-09T10:58:13 WAT">
          <params>
            <param index="0">
              <value>
                <![CDATA[public void StandAlone.Word_File_Full_RegressionTest.Left_Rotation_Control_On_word(java.lang.reflect.Method) throws java.lang.InterruptedException,java.io.IOException]]>
              </value>
            </param>
          </params>
          <reporter-output>
          </reporter-output>
        </test-method> <!-- Left_Rotation_Control_On_word -->
        <test-method status="PASS" signature="reporteResu(org.testng.ITestResult)[pri:0, instance:StandAlone.Word_File_Full_RegressionTest@eafc191]" name="reporteResu" is-config="true" duration-ms="307" started-at="2020-11-09T10:58:13 WAT" finished-at="2020-11-09T10:58:13 WAT">
          <params>
            <param index="0">
              <value>
                <![CDATA[[TestResult name=Left_Rotation_Control_On_word status=SUCCESS method=Word_File_Full_RegressionTest.Left_Rotation_Control_On_word(java.lang.reflect.Method)[pri:28, instance:StandAlone.Word_File_Full_RegressionTest@eafc191] output={null}]]]>
              </value>
            </param>
          </params>
          <reporter-output>
          </reporter-output>
        </test-method> <!-- reporteResu -->
        <test-method status="PASS" signature="startReport(java.lang.reflect.Method)[pri:0, instance:StandAlone.Word_File_Full_RegressionTest@eafc191]" name="startReport" is-config="true" duration-ms="0" started-at="2020-11-09T10:58:13 WAT" finished-at="2020-11-09T10:58:13 WAT">
          <params>
            <param index="0">
              <value>
                <![CDATA[public void StandAlone.Word_File_Full_RegressionTest.Right_Rotation_Control_On_word(java.lang.reflect.Method) throws java.lang.InterruptedException,java.io.IOException]]>
              </value>
            </param>
          </params>
          <reporter-output>
          </reporter-output>
        </test-method> <!-- startReport -->
        <test-method status="PASS" signature="Right_Rotation_Control_On_word(java.lang.reflect.Method)[pri:29, instance:StandAlone.Word_File_Full_RegressionTest@eafc191]" name="Right_Rotation_Control_On_word" duration-ms="625" started-at="2020-11-09T10:58:13 WAT" depends-on-methods="StandAlone.Word_File_Full_RegressionTest.Upload_word_File" finished-at="2020-11-09T10:58:14 WAT">
          <params>
            <param index="0">
              <value>
                <![CDATA[public void StandAlone.Word_File_Full_RegressionTest.Right_Rotation_Control_On_word(java.lang.reflect.Method) throws java.lang.InterruptedException,java.io.IOException]]>
              </value>
            </param>
          </params>
          <reporter-output>
          </reporter-output>
        </test-method> <!-- Right_Rotation_Control_On_word -->
        <test-method status="PASS" signature="reporteResu(org.testng.ITestResult)[pri:0, instance:StandAlone.Word_File_Full_RegressionTest@eafc191]" name="reporteResu" is-config="true" duration-ms="320" started-at="2020-11-09T10:58:14 WAT" finished-at="2020-11-09T10:58:14 WAT">
          <params>
            <param index="0">
              <value>
                <![CDATA[[TestResult name=Right_Rotation_Control_On_word status=SUCCESS method=Word_File_Full_RegressionTest.Right_Rotation_Control_On_word(java.lang.reflect.Method)[pri:29, instance:StandAlone.Word_File_Full_RegressionTest@eafc191] output={null}]]]>
              </value>
            </param>
          </params>
          <reporter-output>
          </reporter-output>
        </test-method> <!-- reporteResu -->
        <test-method status="PASS" signature="startReport(java.lang.reflect.Method)[pri:0, instance:StandAlone.Word_File_Full_RegressionTest@eafc191]" name="startReport" is-config="true" duration-ms="0" started-at="2020-11-09T10:58:14 WAT" finished-at="2020-11-09T10:58:14 WAT">
          <params>
            <param index="0">
              <value>
                <![CDATA[public void StandAlone.Word_File_Full_RegressionTest.Activate_Multiview_On_word(java.lang.reflect.Method) throws java.lang.InterruptedException,java.io.IOException]]>
              </value>
            </param>
          </params>
          <reporter-output>
          </reporter-output>
        </test-method> <!-- startReport -->
        <test-method status="PASS" signature="Activate_Multiview_On_word(java.lang.reflect.Method)[pri:30, instance:StandAlone.Word_File_Full_RegressionTest@eafc191]" name="Activate_Multiview_On_word" duration-ms="1264" started-at="2020-11-09T10:58:14 WAT" depends-on-methods="StandAlone.Word_File_Full_RegressionTest.Upload_word_File" finished-at="2020-11-09T10:58:16 WAT">
          <params>
            <param index="0">
              <value>
                <![CDATA[public void StandAlone.Word_File_Full_RegressionTest.Activate_Multiview_On_word(java.lang.reflect.Method) throws java.lang.InterruptedException,java.io.IOException]]>
              </value>
            </param>
          </params>
          <reporter-output>
          </reporter-output>
        </test-method> <!-- Activate_Multiview_On_word -->
        <test-method status="PASS" signature="reporteResu(org.testng.ITestResult)[pri:0, instance:StandAlone.Word_File_Full_RegressionTest@eafc191]" name="reporteResu" is-config="true" duration-ms="331" started-at="2020-11-09T10:58:16 WAT" finished-at="2020-11-09T10:58:16 WAT">
          <params>
            <param index="0">
              <value>
                <![CDATA[[TestResult name=Activate_Multiview_On_word status=SUCCESS method=Word_File_Full_RegressionTest.Activate_Multiview_On_word(java.lang.reflect.Method)[pri:30, instance:StandAlone.Word_File_Full_RegressionTest@eafc191] output={null}]]]>
              </value>
            </param>
          </params>
          <reporter-output>
          </reporter-output>
        </test-method> <!-- reporteResu -->
        <test-method status="PASS" signature="startReport(java.lang.reflect.Method)[pri:0, instance:StandAlone.Word_File_Full_RegressionTest@eafc191]" name="startReport" is-config="true" duration-ms="0" started-at="2020-11-09T10:58:16 WAT" finished-at="2020-11-09T10:58:16 WAT">
          <params>
            <param index="0">
              <value>
                <![CDATA[public void StandAlone.Word_File_Full_RegressionTest.Desactivate_Multiview_On_word(java.lang.reflect.Method) throws java.lang.InterruptedException,java.io.IOException]]>
              </value>
            </param>
          </params>
          <reporter-output>
          </reporter-output>
        </test-method> <!-- startReport -->
        <test-method status="PASS" signature="Desactivate_Multiview_On_word(java.lang.reflect.Method)[pri:31, instance:StandAlone.Word_File_Full_RegressionTest@eafc191]" name="Desactivate_Multiview_On_word" duration-ms="20296" started-at="2020-11-09T10:58:16 WAT" depends-on-methods="StandAlone.Word_File_Full_RegressionTest.Activate_Multiview_On_word" finished-at="2020-11-09T10:58:36 WAT">
          <params>
            <param index="0">
              <value>
                <![CDATA[public void StandAlone.Word_File_Full_RegressionTest.Desactivate_Multiview_On_word(java.lang.reflect.Method) throws java.lang.InterruptedException,java.io.IOException]]>
              </value>
            </param>
          </params>
          <reporter-output>
          </reporter-output>
        </test-method> <!-- Desactivate_Multiview_On_word -->
        <test-method status="PASS" signature="reporteResu(org.testng.ITestResult)[pri:0, instance:StandAlone.Word_File_Full_RegressionTest@eafc191]" name="reporteResu" is-config="true" duration-ms="329" started-at="2020-11-09T10:58:36 WAT" finished-at="2020-11-09T10:58:37 WAT">
          <params>
            <param index="0">
              <value>
                <![CDATA[[TestResult name=Desactivate_Multiview_On_word status=SUCCESS method=Word_File_Full_RegressionTest.Desactivate_Multiview_On_word(java.lang.reflect.Method)[pri:31, instance:StandAlone.Word_File_Full_RegressionTest@eafc191] output={null}]]]>
              </value>
            </param>
          </params>
          <reporter-output>
          </reporter-output>
        </test-method> <!-- reporteResu -->
        <test-method status="PASS" signature="Multi_Multiview_On_word(java.lang.reflect.Method)[pri:32, instance:StandAlone.Word_File_Full_RegressionTest@eafc191]" name="Multi_Multiview_On_word" duration-ms="10265" started-at="2020-11-09T10:58:37 WAT" depends-on-methods="StandAlone.Word_File_Full_RegressionTest.Upload_word_File" finished-at="2020-11-09T10:58:47 WAT">
          <params>
            <param index="0">
              <value>
                <![CDATA[public void StandAlone.Word_File_Full_RegressionTest.Multi_Multiview_On_word(java.lang.reflect.Method) throws java.lang.InterruptedException,java.io.IOException]]>
              </value>
            </param>
          </params>
          <reporter-output>
          </reporter-output>
        </test-method> <!-- Multi_Multiview_On_word -->
        <test-method status="PASS" signature="startReport(java.lang.reflect.Method)[pri:0, instance:StandAlone.Word_File_Full_RegressionTest@eafc191]" name="startReport" is-config="true" duration-ms="0" started-at="2020-11-09T10:58:37 WAT" finished-at="2020-11-09T10:58:37 WAT">
          <params>
            <param index="0">
              <value>
                <![CDATA[public void StandAlone.Word_File_Full_RegressionTest.Multi_Multiview_On_word(java.lang.reflect.Method) throws java.lang.InterruptedException,java.io.IOException]]>
              </value>
            </param>
          </params>
          <reporter-output>
          </reporter-output>
        </test-method> <!-- startReport -->
        <test-method status="PASS" signature="reporteResu(org.testng.ITestResult)[pri:0, instance:StandAlone.Word_File_Full_RegressionTest@eafc191]" name="reporteResu" is-config="true" duration-ms="293" started-at="2020-11-09T10:58:47 WAT" finished-at="2020-11-09T10:58:47 WAT">
          <params>
            <param index="0">
              <value>
                <![CDATA[[TestResult name=Multi_Multiview_On_word status=SUCCESS method=Word_File_Full_RegressionTest.Multi_Multiview_On_word(java.lang.reflect.Method)[pri:32, instance:StandAlone.Word_File_Full_RegressionTest@eafc191] output={null}]]]>
              </value>
            </param>
          </params>
          <reporter-output>
          </reporter-output>
        </test-method> <!-- reporteResu -->
        <test-method status="PASS" signature="tearDown()[pri:0, instance:StandAlone.Word_File_Full_RegressionTest@eafc191]" name="tearDown" is-config="true" duration-ms="4912" started-at="2020-11-09T10:58:47 WAT" finished-at="2020-11-09T10:58:52 WAT">
          <reporter-output>
          </reporter-output>
        </test-method> <!-- tearDown -->
      </class> <!-- StandAlone.Word_File_Full_RegressionTest -->
    </test> <!-- Test -->
  </suite> <!-- Suite -->
</testng-results>
