<?xml version="1.0" encoding="UTF-8"?>
<testng-results skipped="0" failed="0" ignored="7" total="8" passed="1">
  <reporter-output>
  </reporter-output>
  <suite name="Default suite" duration-ms="13954" started-at="2020-11-02T12:49:35 WAT" finished-at="2020-11-02T12:49:48 WAT">
    <groups>
    </groups>
    <test name="Default test" duration-ms="13954" started-at="2020-11-02T12:49:35 WAT" finished-at="2020-11-02T12:49:48 WAT">
      <class name="StandAlone.ARender_Full_Fonction">
        <test-method status="PASS" signature="initialization()[pri:0, instance:StandAlone.ARender_Full_Fonction@76a3e297]" name="initialization" is-config="true" duration-ms="6639" started-at="2020-11-02T12:49:35 WAT" finished-at="2020-11-02T12:49:41 WAT">
          <reporter-output>
          </reporter-output>
        </test-method> <!-- initialization -->
        <test-method status="PASS" signature="Contrast_Test(java.lang.reflect.Method)[pri:7, instance:StandAlone.ARender_Full_Fonction@76a3e297]" name="Contrast_Test" duration-ms="2338" started-at="2020-11-02T12:49:41 WAT" finished-at="2020-11-02T12:49:44 WAT">
          <params>
            <param index="0">
              <value>
                <![CDATA[public void StandAlone.ARender_Full_Fonction.Contrast_Test(java.lang.reflect.Method) throws java.lang.InterruptedException,java.awt.AWTException]]>
              </value>
            </param>
          </params>
          <reporter-output>
          </reporter-output>
        </test-method> <!-- Contrast_Test -->
        <test-method status="PASS" signature="tearDown()[pri:0, instance:StandAlone.ARender_Full_Fonction@76a3e297]" name="tearDown" is-config="true" duration-ms="4945" started-at="2020-11-02T12:49:44 WAT" finished-at="2020-11-02T12:49:48 WAT">
          <reporter-output>
          </reporter-output>
        </test-method> <!-- tearDown -->
      </class> <!-- StandAlone.ARender_Full_Fonction -->
    </test> <!-- Default test -->
  </suite> <!-- Default suite -->
</testng-results>
