<?xml version="1.0" encoding="UTF-8"?>
<!-- Generated by org.testng.reporters.JUnitXMLReporter -->
<testsuite hostname="Hichem" ignored="7" name="Default test" tests="1" failures="0" timestamp="2020-11-02T12:49:49 WAT" time="13.954" errors="0">
  <testcase name="Contrast_Test" time="2.338" classname="StandAlone.ARender_Full_Fonction"/>
  <testcase name="Brightness_Test" time="0.0" classname="StandAlone.ARender_Full_Fonction">
    <ignored/>
  </testcase> <!-- Brightness_Test -->
  <testcase name="logo_Test" time="0.0" classname="StandAlone.ARender_Full_Fonction">
    <ignored/>
  </testcase> <!-- logo_Test -->
  <testcase name="Check_Print_allFiles_fonctions" time="0.0" classname="StandAlone.ARender_Full_Fonction">
    <ignored/>
  </testcase> <!-- Check_Print_allFiles_fonctions -->
  <testcase name="Navigation_Button_Test" time="0.0" classname="StandAlone.ARender_Full_Fonction">
    <ignored/>
  </testcase> <!-- Navigation_Button_Test -->
  <testcase name="Fullscreen_Test" time="0.0" classname="StandAlone.ARender_Full_Fonction">
    <ignored/>
  </testcase> <!-- Fullscreen_Test -->
  <testcase name="Check_Print_WithAnnotation_fonctions" time="0.0" classname="StandAlone.ARender_Full_Fonction">
    <ignored/>
  </testcase> <!-- Check_Print_WithAnnotation_fonctions -->
  <testcase name="Check_Print_WithoutAnnotation_fonctions" time="0.0" classname="StandAlone.ARender_Full_Fonction">
    <ignored/>
  </testcase> <!-- Check_Print_WithoutAnnotation_fonctions -->
</testsuite> <!-- Default test -->
